[2026-04-12 12:00:35,200: INFO: main: 3: This is a log message from main.py]
[2026-04-14 10:19:52,074: INFO: common: 30: YAML file 'config\config.yaml' read successfully.]
[2026-04-14 10:19:52,077: ERROR: common: 33: Error reading YAML file 'config\config.yaml': First argument must be mapping or iterable]
[2026-04-14 10:21:25,766: INFO: common: 30: YAML file 'config\config.yaml' read successfully.]
[2026-04-14 10:21:25,768: ERROR: common: 33: Error reading YAML file 'config\config.yaml': First argument must be mapping or iterable]
[2026-04-14 10:21:38,175: INFO: common: 30: YAML file 'config\config.yaml' read successfully.]
[2026-04-14 10:21:38,179: ERROR: common: 33: Error reading YAML file 'config\config.yaml': First argument must be mapping or iterable]
[2026-04-14 10:23:48,270: INFO: common: 31: YAML file 'config\config.yaml' read successfully.]
[2026-04-14 10:23:48,273: ERROR: common: 34: Error reading YAML file 'config\config.yaml': First argument must be mapping or iterable]
[2026-04-14 10:28:32,324: ERROR: common: 37: An unexpected error occurred while reading YAML file 'config\config.yaml': [Errno 2] No such file or directory: 'config\\config.yaml']
[2026-04-14 10:28:42,682: INFO: common: 31: YAML file 'config\config.yaml' read successfully.]
[2026-04-14 10:28:42,686: INFO: common: 31: YAML file 'params.yaml' read successfully.]
[2026-04-14 10:31:59,832: ERROR: common: 37: An unexpected error occurred while reading YAML file 'config\config.yaml': [Errno 2] No such file or directory: 'config\\config.yaml']
[2026-04-14 10:37:33,425: ERROR: common: 37: An unexpected error occurred while reading YAML file 'config\config.yaml': [Errno 2] No such file or directory: 'config\\config.yaml']
[2026-04-14 10:39:43,069: ERROR: common: 37: An unexpected error occurred while reading YAML file 'C:\Users\mecenturion\Desktop\MARTIN\UDEMY\MLOPS\TextSummarizer\textsummarizer\src\config\config.yaml': [Errno 2] No such file or directory: 'C:\\Users\\mecenturion\\Desktop\\MARTIN\\UDEMY\\MLOPS\\TextSummarizer\\textsummarizer\\src\\config\\config.yaml']
[2026-04-14 10:42:02,766: ERROR: common: 37: An unexpected error occurred while reading YAML file 'C:\Users\mecenturion\Desktop\MARTIN\UDEMY\MLOPS\TextSummarizer\textsummarizer\src\config\config.yaml': [Errno 2] No such file or directory: 'C:\\Users\\mecenturion\\Desktop\\MARTIN\\UDEMY\\MLOPS\\TextSummarizer\\textsummarizer\\src\\config\\config.yaml']
[2026-04-14 10:42:09,698: INFO: common: 31: YAML file 'C:\Users\mecenturion\Desktop\MARTIN\UDEMY\MLOPS\TextSummarizer\textsummarizer\config\config.yaml' read successfully.]
[2026-04-14 10:42:09,701: INFO: common: 31: YAML file 'C:\Users\mecenturion\Desktop\MARTIN\UDEMY\MLOPS\TextSummarizer\textsummarizer\params.yaml' read successfully.]
[2026-04-14 10:43:19,841: INFO: common: 31: YAML file 'C:\Users\mecenturion\Desktop\MARTIN\UDEMY\MLOPS\TextSummarizer\textsummarizer\config\config.yaml' read successfully.]
[2026-04-14 10:43:19,845: INFO: common: 31: YAML file 'C:\Users\mecenturion\Desktop\MARTIN\UDEMY\MLOPS\TextSummarizer\textsummarizer\params.yaml' read successfully.]
[2026-04-14 10:44:09,812: INFO: common: 31: YAML file 'C:\Users\mecenturion\Desktop\MARTIN\UDEMY\MLOPS\TextSummarizer\textsummarizer\config\config.yaml' read successfully.]
[2026-04-14 10:44:09,816: INFO: common: 31: YAML file 'C:\Users\mecenturion\Desktop\MARTIN\UDEMY\MLOPS\TextSummarizer\textsummarizer\params.yaml' read successfully.]
[2026-04-14 10:44:09,818: INFO: common: 53: Directory 'artifacts' created successfully.]
[2026-04-14 10:44:09,823: INFO: common: 53: Directory 'artifacts/data_ingestion' created successfully.]
[2026-04-14 10:44:09,825: INFO: 356545463: 7: Descargando el archivo desde la URL: https://huggingface.co/datasets/knkarthick/samsum/resolve/main/train.csv a la ruta: artifacts/data_ingestion\train.csv]
[2026-04-14 10:44:10,995: INFO: 356545463: 13: Archivo descargado exitosamente en: artifacts/data_ingestion\train.csv]
[2026-04-14 10:44:11,000: INFO: 356545463: 7: Descargando el archivo desde la URL: https://huggingface.co/datasets/knkarthick/samsum/resolve/main/test.csv a la ruta: artifacts/data_ingestion\test.csv]
[2026-04-14 10:44:11,404: INFO: 356545463: 13: Archivo descargado exitosamente en: artifacts/data_ingestion\test.csv]
[2026-04-14 10:44:11,410: INFO: 356545463: 7: Descargando el archivo desde la URL: https://huggingface.co/datasets/knkarthick/samsum/resolve/main/validation.csv a la ruta: artifacts/data_ingestion\val.csv]
[2026-04-14 10:44:11,818: INFO: 356545463: 13: Archivo descargado exitosamente en: artifacts/data_ingestion\val.csv]
[2026-04-15 10:50:53,151: INFO: main: 7: >>>>>>> Stage Data Ingestion Stage started <<<<<<<]
[2026-04-15 10:50:53,155: INFO: stage_1_data_ingestion_pipeline: 10: Iniciando la etapa de ingesta de datos para el entrenamiento.]
[2026-04-15 10:50:53,159: INFO: common: 31: YAML file 'C:\Users\mecenturion\Desktop\MARTIN\UDEMY\MLOPS\TextSummarizer\textsummarizer\config\config.yaml' read successfully.]
[2026-04-15 10:50:53,162: INFO: common: 31: YAML file 'C:\Users\mecenturion\Desktop\MARTIN\UDEMY\MLOPS\TextSummarizer\textsummarizer\params.yaml' read successfully.]
[2026-04-15 10:50:53,164: INFO: common: 53: Directory 'artifacts' created successfully.]
[2026-04-15 10:50:53,170: INFO: common: 53: Directory 'artifacts/data_ingestion' created successfully.]
[2026-04-15 10:50:53,175: INFO: data_ingestion: 13: Descargando el archivo desde la URL: https://huggingface.co/datasets/knkarthick/samsum/resolve/main/train.csv a la ruta: artifacts/data_ingestion\train.csv]
[2026-04-15 10:50:54,778: INFO: data_ingestion: 19: Archivo descargado exitosamente en: artifacts/data_ingestion\train.csv]
[2026-04-15 10:50:54,783: INFO: data_ingestion: 13: Descargando el archivo desde la URL: https://huggingface.co/datasets/knkarthick/samsum/resolve/main/test.csv a la ruta: artifacts/data_ingestion\test.csv]
[2026-04-15 10:50:55,208: INFO: data_ingestion: 19: Archivo descargado exitosamente en: artifacts/data_ingestion\test.csv]
[2026-04-15 10:50:55,211: INFO: data_ingestion: 13: Descargando el archivo desde la URL: https://huggingface.co/datasets/knkarthick/samsum/resolve/main/validation.csv a la ruta: artifacts/data_ingestion\val.csv]
[2026-04-15 10:50:55,630: INFO: data_ingestion: 19: Archivo descargado exitosamente en: artifacts/data_ingestion\val.csv]
[2026-04-15 10:50:55,633: INFO: stage_1_data_ingestion_pipeline: 17: Etapa de ingesta de datos para el entrenamiento completada exitosamente.]
[2026-04-15 10:50:55,633: INFO: main: 10: >>>>>>> Stage Data Ingestion Stage completed <<<<<<<]
[2026-04-19 11:35:26,030: INFO: common: 31: YAML file 'C:\Users\mecenturion\Desktop\MARTIN\UDEMY\MLOPS\TextSummarizer\textsummarizer\config\config.yaml' read successfully.]
[2026-04-19 11:35:26,034: INFO: common: 31: YAML file 'C:\Users\mecenturion\Desktop\MARTIN\UDEMY\MLOPS\TextSummarizer\textsummarizer\params.yaml' read successfully.]
[2026-04-19 11:35:26,036: INFO: common: 53: Directory 'artifacts' created successfully.]
[2026-04-19 11:38:15,389: INFO: common: 31: YAML file 'C:\Users\mecenturion\Desktop\MARTIN\UDEMY\MLOPS\TextSummarizer\textsummarizer\config\config.yaml' read successfully.]
[2026-04-19 11:38:15,393: INFO: common: 31: YAML file 'C:\Users\mecenturion\Desktop\MARTIN\UDEMY\MLOPS\TextSummarizer\textsummarizer\params.yaml' read successfully.]
[2026-04-19 11:38:15,396: INFO: common: 53: Directory 'artifacts' created successfully.]
[2026-04-19 11:38:15,589: INFO: _client: 1025: HTTP Request: HEAD https://huggingface.co/google/pegasus-cnn_dailymail/resolve/main/config.json "HTTP/1.1 307 Temporary Redirect"]
[2026-04-19 11:38:15,609: INFO: _client: 1025: HTTP Request: HEAD https://huggingface.co/api/resolve-cache/models/google/pegasus-cnn_dailymail/40d588fdab0cc077b80d950b300bf66ad3c75b92/config.json "HTTP/1.1 200 OK"]
[2026-04-19 11:38:15,629: INFO: _client: 1025: HTTP Request: GET https://huggingface.co/api/resolve-cache/models/google/pegasus-cnn_dailymail/40d588fdab0cc077b80d950b300bf66ad3c75b92/config.json "HTTP/1.1 200 OK"]
[2026-04-19 11:38:15,786: INFO: _client: 1025: HTTP Request: HEAD https://huggingface.co/google/pegasus-cnn_dailymail/resolve/main/tokenizer_config.json "HTTP/1.1 307 Temporary Redirect"]
[2026-04-19 11:38:15,805: INFO: _client: 1025: HTTP Request: HEAD https://huggingface.co/api/resolve-cache/models/google/pegasus-cnn_dailymail/40d588fdab0cc077b80d950b300bf66ad3c75b92/tokenizer_config.json "HTTP/1.1 200 OK"]
[2026-04-19 11:38:15,837: INFO: _client: 1025: HTTP Request: GET https://huggingface.co/api/resolve-cache/models/google/pegasus-cnn_dailymail/40d588fdab0cc077b80d950b300bf66ad3c75b92/tokenizer_config.json "HTTP/1.1 200 OK"]
[2026-04-19 11:38:15,991: INFO: _client: 1025: HTTP Request: GET https://huggingface.co/api/models/google/pegasus-cnn_dailymail/tree/main/additional_chat_templates?recursive=false&expand=false "HTTP/1.1 404 Not Found"]
[2026-04-19 11:38:16,125: INFO: _client: 1025: HTTP Request: GET https://huggingface.co/api/models/google/pegasus-cnn_dailymail/tree/main?recursive=true&expand=false "HTTP/1.1 200 OK"]
[2026-04-19 11:38:16,256: INFO: _client: 1025: HTTP Request: HEAD https://huggingface.co/google/pegasus-cnn_dailymail/resolve/main/spiece.model "HTTP/1.1 307 Temporary Redirect"]
[2026-04-19 11:38:16,258: WARNING: _http: 916: Warning: You are sending unauthenticated requests to the HF Hub. Please set a HF_TOKEN to enable higher rate limits and faster downloads.]
[2026-04-19 11:38:16,279: INFO: _client: 1025: HTTP Request: HEAD https://huggingface.co/api/resolve-cache/models/google/pegasus-cnn_dailymail/40d588fdab0cc077b80d950b300bf66ad3c75b92/spiece.model "HTTP/1.1 200 OK"]
[2026-04-19 11:38:16,306: INFO: _client: 1025: HTTP Request: GET https://huggingface.co/api/resolve-cache/models/google/pegasus-cnn_dailymail/40d588fdab0cc077b80d950b300bf66ad3c75b92/spiece.model "HTTP/1.1 200 OK"]
[2026-04-19 11:38:16,622: INFO: _client: 1025: HTTP Request: HEAD https://huggingface.co/google/pegasus-cnn_dailymail/resolve/main/tokenizer.json "HTTP/1.1 404 Not Found"]
[2026-04-19 11:38:16,761: INFO: _client: 1025: HTTP Request: HEAD https://huggingface.co/google/pegasus-cnn_dailymail/resolve/main/added_tokens.json "HTTP/1.1 404 Not Found"]
[2026-04-19 11:38:16,886: INFO: _client: 1025: HTTP Request: HEAD https://huggingface.co/google/pegasus-cnn_dailymail/resolve/main/special_tokens_map.json "HTTP/1.1 307 Temporary Redirect"]
[2026-04-19 11:38:16,903: INFO: _client: 1025: HTTP Request: HEAD https://huggingface.co/api/resolve-cache/models/google/pegasus-cnn_dailymail/40d588fdab0cc077b80d950b300bf66ad3c75b92/special_tokens_map.json "HTTP/1.1 200 OK"]
[2026-04-19 11:38:16,931: INFO: _client: 1025: HTTP Request: GET https://huggingface.co/api/resolve-cache/models/google/pegasus-cnn_dailymail/40d588fdab0cc077b80d950b300bf66ad3c75b92/special_tokens_map.json "HTTP/1.1 200 OK"]
[2026-04-19 11:38:17,072: INFO: _client: 1025: HTTP Request: HEAD https://huggingface.co/google/pegasus-cnn_dailymail/resolve/main/chat_template.jinja "HTTP/1.1 404 Not Found"]
[2026-04-19 11:39:24,208: INFO: common: 31: YAML file 'C:\Users\mecenturion\Desktop\MARTIN\UDEMY\MLOPS\TextSummarizer\textsummarizer\config\config.yaml' read successfully.]
[2026-04-19 11:39:24,211: INFO: common: 31: YAML file 'C:\Users\mecenturion\Desktop\MARTIN\UDEMY\MLOPS\TextSummarizer\textsummarizer\params.yaml' read successfully.]
[2026-04-19 11:39:24,213: INFO: common: 53: Directory 'artifacts' created successfully.]
[2026-04-19 11:39:24,398: INFO: _client: 1025: HTTP Request: HEAD https://huggingface.co/google/pegasus-cnn_dailymail/resolve/main/config.json "HTTP/1.1 307 Temporary Redirect"]
[2026-04-19 11:39:24,416: INFO: _client: 1025: HTTP Request: HEAD https://huggingface.co/api/resolve-cache/models/google/pegasus-cnn_dailymail/40d588fdab0cc077b80d950b300bf66ad3c75b92/config.json "HTTP/1.1 200 OK"]
[2026-04-19 11:39:24,555: INFO: _client: 1025: HTTP Request: HEAD https://huggingface.co/google/pegasus-cnn_dailymail/resolve/main/tokenizer_config.json "HTTP/1.1 307 Temporary Redirect"]
[2026-04-19 11:39:24,574: INFO: _client: 1025: HTTP Request: HEAD https://huggingface.co/api/resolve-cache/models/google/pegasus-cnn_dailymail/40d588fdab0cc077b80d950b300bf66ad3c75b92/tokenizer_config.json "HTTP/1.1 200 OK"]
[2026-04-19 11:39:24,718: INFO: _client: 1025: HTTP Request: GET https://huggingface.co/api/models/google/pegasus-cnn_dailymail/tree/main/additional_chat_templates?recursive=false&expand=false "HTTP/1.1 404 Not Found"]
[2026-04-19 11:39:24,856: INFO: _client: 1025: HTTP Request: GET https://huggingface.co/api/models/google/pegasus-cnn_dailymail/tree/main?recursive=true&expand=false "HTTP/1.1 200 OK"]
[2026-04-19 11:39:25,391: INFO: _client: 1025: HTTP Request: HEAD https://s3.amazonaws.com/datasets.huggingface.co/datasets/datasets/csv/csv.py "HTTP/1.1 200 OK"]
[2026-04-19 11:40:13,042: INFO: common: 31: YAML file 'C:\Users\mecenturion\Desktop\MARTIN\UDEMY\MLOPS\TextSummarizer\textsummarizer\config\config.yaml' read successfully.]
[2026-04-19 11:40:13,046: INFO: common: 31: YAML file 'C:\Users\mecenturion\Desktop\MARTIN\UDEMY\MLOPS\TextSummarizer\textsummarizer\params.yaml' read successfully.]
[2026-04-19 11:40:13,048: INFO: common: 53: Directory 'artifacts' created successfully.]
[2026-04-19 11:40:13,239: INFO: _client: 1025: HTTP Request: HEAD https://huggingface.co/google/pegasus-cnn_dailymail/resolve/main/config.json "HTTP/1.1 307 Temporary Redirect"]
[2026-04-19 11:40:13,256: INFO: _client: 1025: HTTP Request: HEAD https://huggingface.co/api/resolve-cache/models/google/pegasus-cnn_dailymail/40d588fdab0cc077b80d950b300bf66ad3c75b92/config.json "HTTP/1.1 200 OK"]
[2026-04-19 11:40:13,386: INFO: _client: 1025: HTTP Request: HEAD https://huggingface.co/google/pegasus-cnn_dailymail/resolve/main/tokenizer_config.json "HTTP/1.1 307 Temporary Redirect"]
[2026-04-19 11:40:13,406: INFO: _client: 1025: HTTP Request: HEAD https://huggingface.co/api/resolve-cache/models/google/pegasus-cnn_dailymail/40d588fdab0cc077b80d950b300bf66ad3c75b92/tokenizer_config.json "HTTP/1.1 200 OK"]
[2026-04-19 11:40:13,550: INFO: _client: 1025: HTTP Request: GET https://huggingface.co/api/models/google/pegasus-cnn_dailymail/tree/main/additional_chat_templates?recursive=false&expand=false "HTTP/1.1 404 Not Found"]
[2026-04-19 11:40:13,689: INFO: _client: 1025: HTTP Request: GET https://huggingface.co/api/models/google/pegasus-cnn_dailymail/tree/main?recursive=true&expand=false "HTTP/1.1 200 OK"]
[2026-04-19 11:40:14,253: INFO: _client: 1025: HTTP Request: HEAD https://s3.amazonaws.com/datasets.huggingface.co/datasets/datasets/csv/csv.py "HTTP/1.1 200 OK"]
[2026-04-19 12:02:03,081: INFO: main: 9: >>>>>>> Stage Data Ingestion Stage started <<<<<<<]
[2026-04-19 12:02:03,081: INFO: stage_1_data_ingestion_pipeline: 10: Iniciando la etapa de ingesta de datos para el entrenamiento.]
[2026-04-19 12:02:03,084: INFO: common: 31: YAML file 'C:\Users\mecenturion\Desktop\MARTIN\UDEMY\MLOPS\TextSummarizer\textsummarizer\config\config.yaml' read successfully.]
[2026-04-19 12:02:03,085: INFO: common: 31: YAML file 'C:\Users\mecenturion\Desktop\MARTIN\UDEMY\MLOPS\TextSummarizer\textsummarizer\params.yaml' read successfully.]
[2026-04-19 12:02:03,085: INFO: common: 53: Directory 'artifacts' created successfully.]
[2026-04-19 12:02:03,086: INFO: common: 53: Directory 'artifacts/data_ingestion' created successfully.]
[2026-04-19 12:02:03,086: INFO: data_ingestion: 13: Descargando el archivo desde la URL: https://huggingface.co/datasets/knkarthick/samsum/resolve/main/train.csv a la ruta: artifacts/data_ingestion\train.csv]
[2026-04-19 12:02:03,931: INFO: data_ingestion: 19: Archivo descargado exitosamente en: artifacts/data_ingestion\train.csv]
[2026-04-19 12:02:03,935: INFO: data_ingestion: 13: Descargando el archivo desde la URL: https://huggingface.co/datasets/knkarthick/samsum/resolve/main/test.csv a la ruta: artifacts/data_ingestion\test.csv]
[2026-04-19 12:02:04,192: INFO: data_ingestion: 19: Archivo descargado exitosamente en: artifacts/data_ingestion\test.csv]
[2026-04-19 12:02:04,194: INFO: data_ingestion: 13: Descargando el archivo desde la URL: https://huggingface.co/datasets/knkarthick/samsum/resolve/main/validation.csv a la ruta: artifacts/data_ingestion\val.csv]
[2026-04-19 12:02:04,439: INFO: data_ingestion: 19: Archivo descargado exitosamente en: artifacts/data_ingestion\val.csv]
[2026-04-19 12:02:04,441: INFO: stage_1_data_ingestion_pipeline: 17: Etapa de ingesta de datos para el entrenamiento completada exitosamente.]
[2026-04-19 12:02:04,441: INFO: main: 12: >>>>>>> Stage Data Ingestion Stage completed <<<<<<<]
[2026-04-19 12:02:04,441: INFO: main: 18: >>>>>>> Stage Data Transformation Stage started <<<<<<<]
[2026-04-19 12:02:04,441: INFO: stage_2_data_transformation_pipeline: 12: Iniciando la etapa de transformaci鏮 de datos.]
[2026-04-19 12:02:04,444: INFO: common: 31: YAML file 'C:\Users\mecenturion\Desktop\MARTIN\UDEMY\MLOPS\TextSummarizer\textsummarizer\config\config.yaml' read successfully.]
[2026-04-19 12:02:04,445: INFO: common: 31: YAML file 'C:\Users\mecenturion\Desktop\MARTIN\UDEMY\MLOPS\TextSummarizer\textsummarizer\params.yaml' read successfully.]
[2026-04-19 12:02:04,445: INFO: common: 53: Directory 'artifacts' created successfully.]
[2026-04-19 12:02:04,628: INFO: _client: 1025: HTTP Request: HEAD https://huggingface.co/google/pegasus-cnn_dailymail/resolve/main/config.json "HTTP/1.1 307 Temporary Redirect"]
[2026-04-19 12:02:04,629: WARNING: _http: 916: Warning: You are sending unauthenticated requests to the HF Hub. Please set a HF_TOKEN to enable higher rate limits and faster downloads.]
[2026-04-19 12:02:04,647: INFO: _client: 1025: HTTP Request: HEAD https://huggingface.co/api/resolve-cache/models/google/pegasus-cnn_dailymail/40d588fdab0cc077b80d950b300bf66ad3c75b92/config.json "HTTP/1.1 200 OK"]
[2026-04-19 12:02:04,791: INFO: _client: 1025: HTTP Request: HEAD https://huggingface.co/google/pegasus-cnn_dailymail/resolve/main/tokenizer_config.json "HTTP/1.1 307 Temporary Redirect"]
[2026-04-19 12:02:04,812: INFO: _client: 1025: HTTP Request: HEAD https://huggingface.co/api/resolve-cache/models/google/pegasus-cnn_dailymail/40d588fdab0cc077b80d950b300bf66ad3c75b92/tokenizer_config.json "HTTP/1.1 200 OK"]
[2026-04-19 12:02:04,954: INFO: _client: 1025: HTTP Request: GET https://huggingface.co/api/models/google/pegasus-cnn_dailymail/tree/main/additional_chat_templates?recursive=false&expand=false "HTTP/1.1 404 Not Found"]
[2026-04-19 12:02:05,092: INFO: _client: 1025: HTTP Request: GET https://huggingface.co/api/models/google/pegasus-cnn_dailymail/tree/main?recursive=true&expand=false "HTTP/1.1 200 OK"]
[2026-04-19 12:02:05,424: INFO: data_transformation: 35: Iniciando la etapa de transformaci鏮 de datos.]
[2026-04-19 12:02:05,804: INFO: _client: 1025: HTTP Request: HEAD https://s3.amazonaws.com/datasets.huggingface.co/datasets/datasets/csv/csv.py "HTTP/1.1 200 OK"]
[2026-04-19 12:02:07,035: INFO: data_transformation: 15: Convirtiendo los ejemplos a features utilizando el tokenizer.]
[2026-04-19 12:02:07,150: INFO: data_transformation: 31: Ejemplos convertidos a features exitosamente.]
[2026-04-19 12:02:07,252: INFO: data_transformation: 15: Convirtiendo los ejemplos a features utilizando el tokenizer.]
[2026-04-19 12:02:07,359: INFO: data_transformation: 31: Ejemplos convertidos a features exitosamente.]
[2026-04-19 12:02:07,479: INFO: data_transformation: 15: Convirtiendo los ejemplos a features utilizando el tokenizer.]
[2026-04-19 12:02:07,585: INFO: data_transformation: 31: Ejemplos convertidos a features exitosamente.]
[2026-04-19 12:02:07,741: INFO: data_transformation: 15: Convirtiendo los ejemplos a features utilizando el tokenizer.]
[2026-04-19 12:02:07,852: INFO: data_transformation: 31: Ejemplos convertidos a features exitosamente.]
[2026-04-19 12:02:07,986: INFO: data_transformation: 15: Convirtiendo los ejemplos a features utilizando el tokenizer.]
[2026-04-19 12:02:08,113: INFO: data_transformation: 31: Ejemplos convertidos a features exitosamente.]
[2026-04-19 12:02:08,327: INFO: data_transformation: 15: Convirtiendo los ejemplos a features utilizando el tokenizer.]
[2026-04-19 12:02:08,593: INFO: data_transformation: 31: Ejemplos convertidos a features exitosamente.]
[2026-04-19 12:02:08,701: INFO: data_transformation: 15: Convirtiendo los ejemplos a features utilizando el tokenizer.]
[2026-04-19 12:02:08,813: INFO: data_transformation: 31: Ejemplos convertidos a features exitosamente.]
[2026-04-19 12:02:08,943: INFO: data_transformation: 15: Convirtiendo los ejemplos a features utilizando el tokenizer.]
[2026-04-19 12:02:09,048: INFO: data_transformation: 31: Ejemplos convertidos a features exitosamente.]
[2026-04-19 12:02:09,156: INFO: data_transformation: 15: Convirtiendo los ejemplos a features utilizando el tokenizer.]
[2026-04-19 12:02:09,255: INFO: data_transformation: 31: Ejemplos convertidos a features exitosamente.]
[2026-04-19 12:02:09,414: INFO: data_transformation: 15: Convirtiendo los ejemplos a features utilizando el tokenizer.]
[2026-04-19 12:02:09,537: INFO: data_transformation: 31: Ejemplos convertidos a features exitosamente.]
[2026-04-19 12:02:09,706: INFO: data_transformation: 15: Convirtiendo los ejemplos a features utilizando el tokenizer.]
[2026-04-19 12:02:09,812: INFO: data_transformation: 31: Ejemplos convertidos a features exitosamente.]
[2026-04-19 12:02:09,980: INFO: data_transformation: 15: Convirtiendo los ejemplos a features utilizando el tokenizer.]
[2026-04-19 12:02:10,082: INFO: data_transformation: 31: Ejemplos convertidos a features exitosamente.]
[2026-04-19 12:02:10,224: INFO: data_transformation: 15: Convirtiendo los ejemplos a features utilizando el tokenizer.]
[2026-04-19 12:02:10,334: INFO: data_transformation: 31: Ejemplos convertidos a features exitosamente.]
[2026-04-19 12:02:10,495: INFO: data_transformation: 15: Convirtiendo los ejemplos a features utilizando el tokenizer.]
[2026-04-19 12:02:10,579: INFO: data_transformation: 31: Ejemplos convertidos a features exitosamente.]
[2026-04-19 12:02:10,701: INFO: data_transformation: 15: Convirtiendo los ejemplos a features utilizando el tokenizer.]
[2026-04-19 12:02:10,767: INFO: data_transformation: 31: Ejemplos convertidos a features exitosamente.]
[2026-04-19 12:02:11,918: INFO: data_transformation: 15: Convirtiendo los ejemplos a features utilizando el tokenizer.]
[2026-04-19 12:02:11,995: INFO: data_transformation: 31: Ejemplos convertidos a features exitosamente.]
[2026-04-19 12:02:13,105: INFO: data_transformation: 15: Convirtiendo los ejemplos a features utilizando el tokenizer.]
[2026-04-19 12:02:13,176: INFO: data_transformation: 31: Ejemplos convertidos a features exitosamente.]
[2026-04-19 12:02:13,404: INFO: data_transformation: 46: Etapa de transformaci鏮 de datos completada exitosamente.]
[2026-04-19 12:02:13,420: INFO: stage_2_data_transformation_pipeline: 17: Etapa de transformaci鏮 de datos completada exitosamente.]
[2026-04-19 12:02:13,513: INFO: main: 21: >>>>>>> Stage Data Transformation Stage completed <<<<<<<]
[2026-04-20 10:16:19,166: INFO: common: 31: YAML file 'C:\Users\mecenturion\Desktop\MARTIN\UDEMY\MLOPS\TextSummarizer\textsummarizer\config\config.yaml' read successfully.]
[2026-04-20 10:16:19,171: INFO: common: 31: YAML file 'C:\Users\mecenturion\Desktop\MARTIN\UDEMY\MLOPS\TextSummarizer\textsummarizer\params.yaml' read successfully.]
[2026-04-20 10:16:19,173: INFO: common: 53: Directory 'artifacts' created successfully.]
[2026-04-20 10:20:33,983: INFO: common: 31: YAML file 'C:\Users\mecenturion\Desktop\MARTIN\UDEMY\MLOPS\TextSummarizer\textsummarizer\config\config.yaml' read successfully.]
[2026-04-20 10:20:33,988: INFO: common: 31: YAML file 'C:\Users\mecenturion\Desktop\MARTIN\UDEMY\MLOPS\TextSummarizer\textsummarizer\params.yaml' read successfully.]
[2026-04-20 10:20:33,992: INFO: common: 53: Directory 'artifacts' created successfully.]
[2026-04-20 10:20:33,996: INFO: common: 53: Directory 'artifacts/model_trainer' created successfully.]
[2026-04-20 10:22:10,762: INFO: common: 31: YAML file 'C:\Users\mecenturion\Desktop\MARTIN\UDEMY\MLOPS\TextSummarizer\textsummarizer\config\config.yaml' read successfully.]
[2026-04-20 10:22:10,765: INFO: common: 31: YAML file 'C:\Users\mecenturion\Desktop\MARTIN\UDEMY\MLOPS\TextSummarizer\textsummarizer\params.yaml' read successfully.]
[2026-04-20 10:22:10,771: INFO: common: 53: Directory 'artifacts' created successfully.]
[2026-04-20 10:22:10,773: INFO: common: 53: Directory 'artifacts/model_trainer' created successfully.]
[2026-04-20 10:38:32,550: INFO: common: 31: YAML file 'C:\Users\mecenturion\Desktop\MARTIN\UDEMY\MLOPS\TextSummarizer\textsummarizer\config\config.yaml' read successfully.]
[2026-04-20 10:38:32,554: INFO: common: 31: YAML file 'C:\Users\mecenturion\Desktop\MARTIN\UDEMY\MLOPS\TextSummarizer\textsummarizer\params.yaml' read successfully.]
[2026-04-20 10:38:32,559: INFO: common: 53: Directory 'artifacts' created successfully.]
[2026-04-20 10:38:32,564: INFO: common: 53: Directory 'artifacts/model_trainer' created successfully.]
[2026-04-20 10:39:28,737: INFO: common: 31: YAML file 'C:\Users\mecenturion\Desktop\MARTIN\UDEMY\MLOPS\TextSummarizer\textsummarizer\config\config.yaml' read successfully.]
[2026-04-20 10:39:28,741: INFO: common: 31: YAML file 'C:\Users\mecenturion\Desktop\MARTIN\UDEMY\MLOPS\TextSummarizer\textsummarizer\params.yaml' read successfully.]
[2026-04-20 10:39:28,744: INFO: common: 53: Directory 'artifacts' created successfully.]
[2026-04-20 10:39:28,750: INFO: common: 53: Directory 'artifacts/model_trainer' created successfully.]
[2026-04-20 10:40:34,117: INFO: common: 31: YAML file 'C:\Users\mecenturion\Desktop\MARTIN\UDEMY\MLOPS\TextSummarizer\textsummarizer\config\config.yaml' read successfully.]
[2026-04-20 10:40:34,120: INFO: common: 31: YAML file 'C:\Users\mecenturion\Desktop\MARTIN\UDEMY\MLOPS\TextSummarizer\textsummarizer\params.yaml' read successfully.]
[2026-04-20 10:40:34,125: INFO: common: 53: Directory 'artifacts' created successfully.]
[2026-04-20 10:40:34,128: INFO: common: 53: Directory 'artifacts/model_trainer' created successfully.]
[2026-04-20 10:44:37,067: INFO: common: 31: YAML file 'C:\Users\mecenturion\Desktop\MARTIN\UDEMY\MLOPS\TextSummarizer\textsummarizer\config\config.yaml' read successfully.]
[2026-04-20 10:44:37,070: INFO: common: 31: YAML file 'C:\Users\mecenturion\Desktop\MARTIN\UDEMY\MLOPS\TextSummarizer\textsummarizer\params.yaml' read successfully.]
[2026-04-20 10:44:37,072: INFO: common: 53: Directory 'artifacts' created successfully.]
[2026-04-20 10:44:37,075: INFO: common: 53: Directory 'artifacts/model_trainer' created successfully.]
[2026-04-20 10:45:52,679: INFO: common: 31: YAML file 'C:\Users\mecenturion\Desktop\MARTIN\UDEMY\MLOPS\TextSummarizer\textsummarizer\config\config.yaml' read successfully.]
[2026-04-20 10:45:52,684: INFO: common: 31: YAML file 'C:\Users\mecenturion\Desktop\MARTIN\UDEMY\MLOPS\TextSummarizer\textsummarizer\params.yaml' read successfully.]
[2026-04-20 10:45:52,687: INFO: common: 53: Directory 'artifacts' created successfully.]
[2026-04-20 10:45:52,689: INFO: common: 53: Directory 'artifacts/model_trainer' created successfully.]
[2026-04-20 10:45:52,928: INFO: _client: 1025: HTTP Request: HEAD https://huggingface.co/google/pegasus-cnn_dailymail/resolve/main/config.json "HTTP/1.1 307 Temporary Redirect"]
[2026-04-20 10:45:52,931: WARNING: _http: 916: Warning: You are sending unauthenticated requests to the HF Hub. Please set a HF_TOKEN to enable higher rate limits and faster downloads.]
[2026-04-20 10:45:52,952: INFO: _client: 1025: HTTP Request: HEAD https://huggingface.co/api/resolve-cache/models/google/pegasus-cnn_dailymail/40d588fdab0cc077b80d950b300bf66ad3c75b92/config.json "HTTP/1.1 200 OK"]
[2026-04-20 10:45:53,113: INFO: _client: 1025: HTTP Request: HEAD https://huggingface.co/google/pegasus-cnn_dailymail/resolve/main/tokenizer_config.json "HTTP/1.1 307 Temporary Redirect"]
[2026-04-20 10:45:53,136: INFO: _client: 1025: HTTP Request: HEAD https://huggingface.co/api/resolve-cache/models/google/pegasus-cnn_dailymail/40d588fdab0cc077b80d950b300bf66ad3c75b92/tokenizer_config.json "HTTP/1.1 200 OK"]
[2026-04-20 10:45:53,302: INFO: _client: 1025: HTTP Request: GET https://huggingface.co/api/models/google/pegasus-cnn_dailymail/tree/main/additional_chat_templates?recursive=false&expand=false "HTTP/1.1 404 Not Found"]
[2026-04-20 10:45:53,444: INFO: _client: 1025: HTTP Request: GET https://huggingface.co/api/models/google/pegasus-cnn_dailymail/tree/main?recursive=true&expand=false "HTTP/1.1 200 OK"]
[2026-04-20 10:45:53,853: INFO: _client: 1025: HTTP Request: HEAD https://huggingface.co/google/pegasus-cnn_dailymail/resolve/main/config.json "HTTP/1.1 307 Temporary Redirect"]
[2026-04-20 10:45:53,876: INFO: _client: 1025: HTTP Request: HEAD https://huggingface.co/api/resolve-cache/models/google/pegasus-cnn_dailymail/40d588fdab0cc077b80d950b300bf66ad3c75b92/config.json "HTTP/1.1 200 OK"]
[2026-04-20 10:45:54,060: INFO: _client: 1025: HTTP Request: HEAD https://huggingface.co/google/pegasus-cnn_dailymail/resolve/main/model.safetensors "HTTP/1.1 404 Not Found"]
[2026-04-20 10:45:54,201: INFO: _client: 1025: HTTP Request: HEAD https://huggingface.co/google/pegasus-cnn_dailymail/resolve/main/model.safetensors.index.json "HTTP/1.1 404 Not Found"]
[2026-04-20 10:45:54,347: INFO: _client: 1025: HTTP Request: HEAD https://huggingface.co/google/pegasus-cnn_dailymail/resolve/main/pytorch_model.bin "HTTP/1.1 302 Found"]
[2026-04-20 10:45:54,535: INFO: _client: 1025: HTTP Request: GET https://huggingface.co/api/models/google/pegasus-cnn_dailymail/xet-read-token/40d588fdab0cc077b80d950b300bf66ad3c75b92 "HTTP/1.1 200 OK"]
[2026-04-20 10:47:29,225: INFO: _client: 1025: HTTP Request: HEAD https://huggingface.co/google/pegasus-cnn_dailymail/resolve/main/model.safetensors "HTTP/1.1 404 Not Found"]
[2026-04-20 10:47:29,375: INFO: _client: 1025: HTTP Request: GET https://huggingface.co/api/models/google/pegasus-cnn_dailymail "HTTP/1.1 200 OK"]
[2026-04-20 10:47:30,079: INFO: _client: 1025: HTTP Request: GET https://huggingface.co/api/models/google/pegasus-cnn_dailymail/commits/main "HTTP/1.1 200 OK"]
[2026-04-20 10:47:30,360: INFO: _client: 1025: HTTP Request: GET https://huggingface.co/api/models/google/pegasus-cnn_dailymail/discussions?p=0 "HTTP/1.1 200 OK"]
[2026-04-20 10:47:30,626: INFO: _client: 1025: HTTP Request: GET https://huggingface.co/api/models/google/pegasus-cnn_dailymail/commits/refs%2Fpr%2F12 "HTTP/1.1 200 OK"]
[2026-04-20 10:47:30,954: INFO: _client: 1025: HTTP Request: HEAD https://huggingface.co/google/pegasus-cnn_dailymail/resolve/refs%2Fpr%2F12/model.safetensors.index.json "HTTP/1.1 404 Not Found"]
[2026-04-20 10:47:31,269: INFO: _client: 1025: HTTP Request: HEAD https://huggingface.co/google/pegasus-cnn_dailymail/resolve/refs%2Fpr%2F12/model.safetensors "HTTP/1.1 302 Found"]
[2026-04-20 10:47:32,100: INFO: _client: 1025: HTTP Request: GET https://huggingface.co/api/models/google/pegasus-cnn_dailymail/xet-read-token/7db4e727842ad86cc5cdfeaef4d14c6fb2b46511 "HTTP/1.1 200 OK"]
[2026-04-20 10:47:36,114: INFO: _client: 1025: HTTP Request: HEAD https://huggingface.co/google/pegasus-cnn_dailymail/resolve/main/generation_config.json "HTTP/1.1 307 Temporary Redirect"]
[2026-04-20 10:47:36,203: INFO: _client: 1025: HTTP Request: HEAD https://huggingface.co/api/resolve-cache/models/google/pegasus-cnn_dailymail/40d588fdab0cc077b80d950b300bf66ad3c75b92/generation_config.json "HTTP/1.1 200 OK"]
[2026-04-20 10:47:36,296: INFO: _client: 1025: HTTP Request: GET https://huggingface.co/api/resolve-cache/models/google/pegasus-cnn_dailymail/40d588fdab0cc077b80d950b300bf66ad3c75b92/generation_config.json "HTTP/1.1 200 OK"]
[2026-04-20 10:54:52,662: INFO: common: 31: YAML file 'C:\Users\mecenturion\Desktop\MARTIN\UDEMY\MLOPS\TextSummarizer\textsummarizer\config\config.yaml' read successfully.]
[2026-04-20 10:54:52,666: INFO: common: 31: YAML file 'C:\Users\mecenturion\Desktop\MARTIN\UDEMY\MLOPS\TextSummarizer\textsummarizer\params.yaml' read successfully.]
[2026-04-20 10:54:52,669: INFO: common: 53: Directory 'artifacts' created successfully.]
[2026-04-20 10:54:52,672: INFO: common: 53: Directory 'artifacts/model_trainer' created successfully.]
[2026-04-20 10:55:20,546: INFO: common: 31: YAML file 'C:\Users\mecenturion\Desktop\MARTIN\UDEMY\MLOPS\TextSummarizer\textsummarizer\config\config.yaml' read successfully.]
[2026-04-20 10:55:20,549: INFO: common: 31: YAML file 'C:\Users\mecenturion\Desktop\MARTIN\UDEMY\MLOPS\TextSummarizer\textsummarizer\params.yaml' read successfully.]
[2026-04-20 10:55:20,552: INFO: common: 53: Directory 'artifacts' created successfully.]
[2026-04-20 10:55:20,554: INFO: common: 53: Directory 'artifacts/model_trainer' created successfully.]
[2026-04-20 10:55:35,590: INFO: common: 31: YAML file 'C:\Users\mecenturion\Desktop\MARTIN\UDEMY\MLOPS\TextSummarizer\textsummarizer\config\config.yaml' read successfully.]
[2026-04-20 10:55:35,594: INFO: common: 31: YAML file 'C:\Users\mecenturion\Desktop\MARTIN\UDEMY\MLOPS\TextSummarizer\textsummarizer\params.yaml' read successfully.]
[2026-04-20 10:55:35,598: INFO: common: 53: Directory 'artifacts' created successfully.]
[2026-04-20 10:55:35,600: INFO: common: 53: Directory 'artifacts/model_trainer' created successfully.]
[2026-04-20 10:56:06,574: INFO: common: 31: YAML file 'C:\Users\mecenturion\Desktop\MARTIN\UDEMY\MLOPS\TextSummarizer\textsummarizer\config\config.yaml' read successfully.]
[2026-04-20 10:56:06,579: INFO: common: 31: YAML file 'C:\Users\mecenturion\Desktop\MARTIN\UDEMY\MLOPS\TextSummarizer\textsummarizer\params.yaml' read successfully.]
[2026-04-20 10:56:06,581: INFO: common: 53: Directory 'artifacts' created successfully.]
[2026-04-20 10:56:06,583: INFO: common: 53: Directory 'artifacts/model_trainer' created successfully.]
[2026-04-20 10:56:06,963: INFO: _client: 1025: HTTP Request: HEAD https://huggingface.co/google/pegasus-cnn_dailymail/resolve/main/config.json "HTTP/1.1 307 Temporary Redirect"]
[2026-04-20 10:56:06,986: INFO: _client: 1025: HTTP Request: HEAD https://huggingface.co/api/resolve-cache/models/google/pegasus-cnn_dailymail/40d588fdab0cc077b80d950b300bf66ad3c75b92/config.json "HTTP/1.1 200 OK"]
[2026-04-20 10:56:07,164: INFO: _client: 1025: HTTP Request: HEAD https://huggingface.co/google/pegasus-cnn_dailymail/resolve/main/tokenizer_config.json "HTTP/1.1 307 Temporary Redirect"]
[2026-04-20 10:56:07,187: INFO: _client: 1025: HTTP Request: HEAD https://huggingface.co/api/resolve-cache/models/google/pegasus-cnn_dailymail/40d588fdab0cc077b80d950b300bf66ad3c75b92/tokenizer_config.json "HTTP/1.1 200 OK"]
[2026-04-20 10:56:07,349: INFO: _client: 1025: HTTP Request: GET https://huggingface.co/api/models/google/pegasus-cnn_dailymail/tree/main/additional_chat_templates?recursive=false&expand=false "HTTP/1.1 404 Not Found"]
[2026-04-20 10:56:07,492: INFO: _client: 1025: HTTP Request: GET https://huggingface.co/api/models/google/pegasus-cnn_dailymail/tree/main?recursive=true&expand=false "HTTP/1.1 200 OK"]
[2026-04-20 10:56:08,048: INFO: _client: 1025: HTTP Request: HEAD https://huggingface.co/google/pegasus-cnn_dailymail/resolve/main/config.json "HTTP/1.1 307 Temporary Redirect"]
[2026-04-20 10:56:08,073: INFO: _client: 1025: HTTP Request: HEAD https://huggingface.co/api/resolve-cache/models/google/pegasus-cnn_dailymail/40d588fdab0cc077b80d950b300bf66ad3c75b92/config.json "HTTP/1.1 200 OK"]
[2026-04-20 10:56:08,311: INFO: _client: 1025: HTTP Request: HEAD https://huggingface.co/google/pegasus-cnn_dailymail/resolve/main/model.safetensors "HTTP/1.1 404 Not Found"]
[2026-04-20 10:56:08,769: INFO: _client: 1025: HTTP Request: GET https://huggingface.co/api/models/google/pegasus-cnn_dailymail "HTTP/1.1 200 OK"]
[2026-04-20 10:56:09,079: INFO: _client: 1025: HTTP Request: GET https://huggingface.co/api/models/google/pegasus-cnn_dailymail/commits/main "HTTP/1.1 200 OK"]
[2026-04-20 10:56:09,306: INFO: _client: 1025: HTTP Request: GET https://huggingface.co/api/models/google/pegasus-cnn_dailymail/discussions?p=0 "HTTP/1.1 200 OK"]
[2026-04-20 10:56:09,663: INFO: _client: 1025: HTTP Request: GET https://huggingface.co/api/models/google/pegasus-cnn_dailymail/commits/refs%2Fpr%2F12 "HTTP/1.1 200 OK"]
[2026-04-20 10:56:09,871: INFO: _client: 1025: HTTP Request: HEAD https://huggingface.co/google/pegasus-cnn_dailymail/resolve/refs%2Fpr%2F12/model.safetensors.index.json "HTTP/1.1 404 Not Found"]
[2026-04-20 10:56:10,018: INFO: _client: 1025: HTTP Request: HEAD https://huggingface.co/google/pegasus-cnn_dailymail/resolve/refs%2Fpr%2F12/model.safetensors "HTTP/1.1 302 Found"]
[2026-04-20 10:56:15,325: INFO: _client: 1025: HTTP Request: HEAD https://huggingface.co/google/pegasus-cnn_dailymail/resolve/main/generation_config.json "HTTP/1.1 307 Temporary Redirect"]
[2026-04-20 10:56:15,357: INFO: _client: 1025: HTTP Request: HEAD https://huggingface.co/api/resolve-cache/models/google/pegasus-cnn_dailymail/40d588fdab0cc077b80d950b300bf66ad3c75b92/generation_config.json "HTTP/1.1 200 OK"]
[2026-04-20 11:00:42,662: INFO: common: 31: YAML file 'C:\Users\mecenturion\Desktop\MARTIN\UDEMY\MLOPS\TextSummarizer\textsummarizer\config\config.yaml' read successfully.]
[2026-04-20 11:00:42,669: INFO: common: 31: YAML file 'C:\Users\mecenturion\Desktop\MARTIN\UDEMY\MLOPS\TextSummarizer\textsummarizer\params.yaml' read successfully.]
[2026-04-20 11:00:42,672: INFO: common: 53: Directory 'artifacts' created successfully.]
[2026-04-20 11:00:42,675: INFO: common: 53: Directory 'artifacts/model_trainer' created successfully.]
[2026-04-20 11:00:42,888: INFO: _client: 1025: HTTP Request: HEAD https://huggingface.co/google/pegasus-cnn_dailymail/resolve/main/config.json "HTTP/1.1 307 Temporary Redirect"]
[2026-04-20 11:00:42,915: INFO: _client: 1025: HTTP Request: HEAD https://huggingface.co/api/resolve-cache/models/google/pegasus-cnn_dailymail/40d588fdab0cc077b80d950b300bf66ad3c75b92/config.json "HTTP/1.1 200 OK"]
[2026-04-20 11:00:43,046: INFO: _client: 1025: HTTP Request: HEAD https://huggingface.co/google/pegasus-cnn_dailymail/resolve/main/tokenizer_config.json "HTTP/1.1 307 Temporary Redirect"]
[2026-04-20 11:00:43,076: INFO: _client: 1025: HTTP Request: HEAD https://huggingface.co/api/resolve-cache/models/google/pegasus-cnn_dailymail/40d588fdab0cc077b80d950b300bf66ad3c75b92/tokenizer_config.json "HTTP/1.1 200 OK"]
[2026-04-20 11:00:43,221: INFO: _client: 1025: HTTP Request: GET https://huggingface.co/api/models/google/pegasus-cnn_dailymail/tree/main/additional_chat_templates?recursive=false&expand=false "HTTP/1.1 404 Not Found"]
[2026-04-20 11:00:43,357: INFO: _client: 1025: HTTP Request: GET https://huggingface.co/api/models/google/pegasus-cnn_dailymail/tree/main?recursive=true&expand=false "HTTP/1.1 200 OK"]
[2026-04-20 11:00:43,744: INFO: _client: 1025: HTTP Request: HEAD https://huggingface.co/google/pegasus-cnn_dailymail/resolve/main/config.json "HTTP/1.1 307 Temporary Redirect"]
[2026-04-20 11:00:43,765: INFO: _client: 1025: HTTP Request: HEAD https://huggingface.co/api/resolve-cache/models/google/pegasus-cnn_dailymail/40d588fdab0cc077b80d950b300bf66ad3c75b92/config.json "HTTP/1.1 200 OK"]
[2026-04-20 11:00:43,908: INFO: _client: 1025: HTTP Request: HEAD https://huggingface.co/google/pegasus-cnn_dailymail/resolve/main/model.safetensors "HTTP/1.1 404 Not Found"]
[2026-04-20 11:00:44,392: INFO: _client: 1025: HTTP Request: GET https://huggingface.co/api/models/google/pegasus-cnn_dailymail "HTTP/1.1 200 OK"]
[2026-04-20 11:00:44,905: INFO: _client: 1025: HTTP Request: GET https://huggingface.co/api/models/google/pegasus-cnn_dailymail/commits/main "HTTP/1.1 200 OK"]
[2026-04-20 11:00:45,218: INFO: _client: 1025: HTTP Request: GET https://huggingface.co/api/models/google/pegasus-cnn_dailymail/discussions?p=0 "HTTP/1.1 200 OK"]
[2026-04-20 11:00:45,508: INFO: _client: 1025: HTTP Request: GET https://huggingface.co/api/models/google/pegasus-cnn_dailymail/commits/refs%2Fpr%2F12 "HTTP/1.1 200 OK"]
[2026-04-20 11:00:45,751: INFO: _client: 1025: HTTP Request: HEAD https://huggingface.co/google/pegasus-cnn_dailymail/resolve/refs%2Fpr%2F12/model.safetensors.index.json "HTTP/1.1 404 Not Found"]
[2026-04-20 11:00:45,928: INFO: _client: 1025: HTTP Request: HEAD https://huggingface.co/google/pegasus-cnn_dailymail/resolve/refs%2Fpr%2F12/model.safetensors "HTTP/1.1 302 Found"]
[2026-04-20 11:00:53,680: INFO: _client: 1025: HTTP Request: HEAD https://huggingface.co/google/pegasus-cnn_dailymail/resolve/main/generation_config.json "HTTP/1.1 307 Temporary Redirect"]
[2026-04-20 11:00:53,701: INFO: _client: 1025: HTTP Request: HEAD https://huggingface.co/api/resolve-cache/models/google/pegasus-cnn_dailymail/40d588fdab0cc077b80d950b300bf66ad3c75b92/generation_config.json "HTTP/1.1 200 OK"]
[2026-04-20 11:05:17,062: INFO: common: 31: YAML file 'C:\Users\mecenturion\Desktop\MARTIN\UDEMY\MLOPS\TextSummarizer\textsummarizer\config\config.yaml' read successfully.]
[2026-04-20 11:05:17,065: INFO: common: 31: YAML file 'C:\Users\mecenturion\Desktop\MARTIN\UDEMY\MLOPS\TextSummarizer\textsummarizer\params.yaml' read successfully.]
[2026-04-20 11:05:17,067: INFO: common: 53: Directory 'artifacts' created successfully.]
[2026-04-20 11:05:17,087: INFO: common: 53: Directory 'artifacts/model_trainer' created successfully.]
[2026-04-20 11:05:17,297: INFO: _client: 1025: HTTP Request: HEAD https://huggingface.co/google/pegasus-cnn_dailymail/resolve/main/config.json "HTTP/1.1 307 Temporary Redirect"]
[2026-04-20 11:05:17,319: INFO: _client: 1025: HTTP Request: HEAD https://huggingface.co/api/resolve-cache/models/google/pegasus-cnn_dailymail/40d588fdab0cc077b80d950b300bf66ad3c75b92/config.json "HTTP/1.1 200 OK"]
[2026-04-20 11:05:17,472: INFO: _client: 1025: HTTP Request: HEAD https://huggingface.co/google/pegasus-cnn_dailymail/resolve/main/tokenizer_config.json "HTTP/1.1 307 Temporary Redirect"]
[2026-04-20 11:05:17,497: INFO: _client: 1025: HTTP Request: HEAD https://huggingface.co/api/resolve-cache/models/google/pegasus-cnn_dailymail/40d588fdab0cc077b80d950b300bf66ad3c75b92/tokenizer_config.json "HTTP/1.1 200 OK"]
[2026-04-20 11:05:17,650: INFO: _client: 1025: HTTP Request: GET https://huggingface.co/api/models/google/pegasus-cnn_dailymail/tree/main/additional_chat_templates?recursive=false&expand=false "HTTP/1.1 404 Not Found"]
[2026-04-20 11:05:17,796: INFO: _client: 1025: HTTP Request: GET https://huggingface.co/api/models/google/pegasus-cnn_dailymail/tree/main?recursive=true&expand=false "HTTP/1.1 200 OK"]
[2026-04-20 11:05:18,161: INFO: _client: 1025: HTTP Request: HEAD https://huggingface.co/google/pegasus-cnn_dailymail/resolve/main/config.json "HTTP/1.1 307 Temporary Redirect"]
[2026-04-20 11:05:18,181: INFO: _client: 1025: HTTP Request: HEAD https://huggingface.co/api/resolve-cache/models/google/pegasus-cnn_dailymail/40d588fdab0cc077b80d950b300bf66ad3c75b92/config.json "HTTP/1.1 200 OK"]
[2026-04-20 11:05:18,324: INFO: _client: 1025: HTTP Request: HEAD https://huggingface.co/google/pegasus-cnn_dailymail/resolve/main/model.safetensors "HTTP/1.1 404 Not Found"]
[2026-04-20 11:05:18,621: INFO: _client: 1025: HTTP Request: GET https://huggingface.co/api/models/google/pegasus-cnn_dailymail "HTTP/1.1 200 OK"]
[2026-04-20 11:05:19,144: INFO: _client: 1025: HTTP Request: GET https://huggingface.co/api/models/google/pegasus-cnn_dailymail/commits/main "HTTP/1.1 200 OK"]
[2026-04-20 11:05:19,629: INFO: _client: 1025: HTTP Request: GET https://huggingface.co/api/models/google/pegasus-cnn_dailymail/discussions?p=0 "HTTP/1.1 200 OK"]
[2026-04-20 11:05:19,815: INFO: _client: 1025: HTTP Request: GET https://huggingface.co/api/models/google/pegasus-cnn_dailymail/commits/refs%2Fpr%2F12 "HTTP/1.1 200 OK"]
[2026-04-20 11:05:20,305: INFO: _client: 1025: HTTP Request: HEAD https://huggingface.co/google/pegasus-cnn_dailymail/resolve/refs%2Fpr%2F12/model.safetensors.index.json "HTTP/1.1 404 Not Found"]
[2026-04-20 11:05:20,677: INFO: _client: 1025: HTTP Request: HEAD https://huggingface.co/google/pegasus-cnn_dailymail/resolve/refs%2Fpr%2F12/model.safetensors "HTTP/1.1 302 Found"]
[2026-04-20 11:05:29,342: INFO: _client: 1025: HTTP Request: HEAD https://huggingface.co/google/pegasus-cnn_dailymail/resolve/main/generation_config.json "HTTP/1.1 307 Temporary Redirect"]
[2026-04-20 11:05:29,362: INFO: _client: 1025: HTTP Request: HEAD https://huggingface.co/api/resolve-cache/models/google/pegasus-cnn_dailymail/40d588fdab0cc077b80d950b300bf66ad3c75b92/generation_config.json "HTTP/1.1 200 OK"]
[2026-04-20 11:07:37,916: INFO: common: 31: YAML file 'C:\Users\mecenturion\Desktop\MARTIN\UDEMY\MLOPS\TextSummarizer\textsummarizer\config\config.yaml' read successfully.]
[2026-04-20 11:07:37,922: INFO: common: 31: YAML file 'C:\Users\mecenturion\Desktop\MARTIN\UDEMY\MLOPS\TextSummarizer\textsummarizer\params.yaml' read successfully.]
[2026-04-20 11:07:37,924: INFO: common: 53: Directory 'artifacts' created successfully.]
[2026-04-20 11:07:37,925: INFO: common: 53: Directory 'artifacts/model_trainer' created successfully.]
[2026-04-20 11:07:38,116: INFO: _client: 1025: HTTP Request: HEAD https://huggingface.co/google/pegasus-cnn_dailymail/resolve/main/config.json "HTTP/1.1 307 Temporary Redirect"]
[2026-04-20 11:07:38,143: INFO: _client: 1025: HTTP Request: HEAD https://huggingface.co/api/resolve-cache/models/google/pegasus-cnn_dailymail/40d588fdab0cc077b80d950b300bf66ad3c75b92/config.json "HTTP/1.1 200 OK"]
[2026-04-20 11:07:38,281: INFO: _client: 1025: HTTP Request: HEAD https://huggingface.co/google/pegasus-cnn_dailymail/resolve/main/tokenizer_config.json "HTTP/1.1 307 Temporary Redirect"]
[2026-04-20 11:07:38,292: INFO: _client: 1025: HTTP Request: HEAD https://huggingface.co/api/resolve-cache/models/google/pegasus-cnn_dailymail/40d588fdab0cc077b80d950b300bf66ad3c75b92/tokenizer_config.json "HTTP/1.1 200 OK"]
[2026-04-20 11:07:38,453: INFO: _client: 1025: HTTP Request: GET https://huggingface.co/api/models/google/pegasus-cnn_dailymail/tree/main/additional_chat_templates?recursive=false&expand=false "HTTP/1.1 404 Not Found"]
[2026-04-20 11:07:38,596: INFO: _client: 1025: HTTP Request: GET https://huggingface.co/api/models/google/pegasus-cnn_dailymail/tree/main?recursive=true&expand=false "HTTP/1.1 200 OK"]
[2026-04-20 11:07:38,949: INFO: _client: 1025: HTTP Request: HEAD https://huggingface.co/google/pegasus-cnn_dailymail/resolve/main/config.json "HTTP/1.1 307 Temporary Redirect"]
[2026-04-20 11:07:38,978: INFO: _client: 1025: HTTP Request: HEAD https://huggingface.co/api/resolve-cache/models/google/pegasus-cnn_dailymail/40d588fdab0cc077b80d950b300bf66ad3c75b92/config.json "HTTP/1.1 200 OK"]
[2026-04-20 11:07:39,124: INFO: _client: 1025: HTTP Request: HEAD https://huggingface.co/google/pegasus-cnn_dailymail/resolve/main/model.safetensors "HTTP/1.1 404 Not Found"]
[2026-04-20 11:07:39,516: INFO: _client: 1025: HTTP Request: GET https://huggingface.co/api/models/google/pegasus-cnn_dailymail "HTTP/1.1 200 OK"]
[2026-04-20 11:07:39,947: INFO: _client: 1025: HTTP Request: GET https://huggingface.co/api/models/google/pegasus-cnn_dailymail/commits/main "HTTP/1.1 200 OK"]
[2026-04-20 11:07:40,224: INFO: _client: 1025: HTTP Request: GET https://huggingface.co/api/models/google/pegasus-cnn_dailymail/discussions?p=0 "HTTP/1.1 200 OK"]
[2026-04-20 11:07:40,457: INFO: _client: 1025: HTTP Request: GET https://huggingface.co/api/models/google/pegasus-cnn_dailymail/commits/refs%2Fpr%2F12 "HTTP/1.1 200 OK"]
[2026-04-20 11:07:40,593: INFO: _client: 1025: HTTP Request: HEAD https://huggingface.co/google/pegasus-cnn_dailymail/resolve/refs%2Fpr%2F12/model.safetensors.index.json "HTTP/1.1 404 Not Found"]
[2026-04-20 11:07:41,234: INFO: _client: 1025: HTTP Request: HEAD https://huggingface.co/google/pegasus-cnn_dailymail/resolve/refs%2Fpr%2F12/model.safetensors "HTTP/1.1 302 Found"]
[2026-04-20 11:07:44,413: INFO: _client: 1025: HTTP Request: HEAD https://huggingface.co/google/pegasus-cnn_dailymail/resolve/main/generation_config.json "HTTP/1.1 307 Temporary Redirect"]
[2026-04-20 11:07:44,435: INFO: _client: 1025: HTTP Request: HEAD https://huggingface.co/api/resolve-cache/models/google/pegasus-cnn_dailymail/40d588fdab0cc077b80d950b300bf66ad3c75b92/generation_config.json "HTTP/1.1 200 OK"]
[2026-04-20 11:09:15,478: INFO: common: 31: YAML file 'C:\Users\mecenturion\Desktop\MARTIN\UDEMY\MLOPS\TextSummarizer\textsummarizer\config\config.yaml' read successfully.]
[2026-04-20 11:09:15,482: INFO: common: 31: YAML file 'C:\Users\mecenturion\Desktop\MARTIN\UDEMY\MLOPS\TextSummarizer\textsummarizer\params.yaml' read successfully.]
[2026-04-20 11:09:15,486: INFO: common: 53: Directory 'artifacts' created successfully.]
[2026-04-20 11:09:15,492: INFO: common: 53: Directory 'artifacts/model_trainer' created successfully.]
[2026-04-20 11:09:15,687: INFO: _client: 1025: HTTP Request: HEAD https://huggingface.co/google/pegasus-cnn_dailymail/resolve/main/config.json "HTTP/1.1 307 Temporary Redirect"]
[2026-04-20 11:09:15,705: INFO: _client: 1025: HTTP Request: HEAD https://huggingface.co/api/resolve-cache/models/google/pegasus-cnn_dailymail/40d588fdab0cc077b80d950b300bf66ad3c75b92/config.json "HTTP/1.1 200 OK"]
[2026-04-20 11:09:15,843: INFO: _client: 1025: HTTP Request: HEAD https://huggingface.co/google/pegasus-cnn_dailymail/resolve/main/tokenizer_config.json "HTTP/1.1 307 Temporary Redirect"]
[2026-04-20 11:09:15,890: INFO: _client: 1025: HTTP Request: HEAD https://huggingface.co/api/resolve-cache/models/google/pegasus-cnn_dailymail/40d588fdab0cc077b80d950b300bf66ad3c75b92/tokenizer_config.json "HTTP/1.1 200 OK"]
[2026-04-20 11:09:16,058: INFO: _client: 1025: HTTP Request: GET https://huggingface.co/api/models/google/pegasus-cnn_dailymail/tree/main/additional_chat_templates?recursive=false&expand=false "HTTP/1.1 404 Not Found"]
[2026-04-20 11:09:16,197: INFO: _client: 1025: HTTP Request: GET https://huggingface.co/api/models/google/pegasus-cnn_dailymail/tree/main?recursive=true&expand=false "HTTP/1.1 200 OK"]
[2026-04-20 11:09:16,568: INFO: _client: 1025: HTTP Request: HEAD https://huggingface.co/google/pegasus-cnn_dailymail/resolve/main/config.json "HTTP/1.1 307 Temporary Redirect"]
[2026-04-20 11:09:16,595: INFO: _client: 1025: HTTP Request: HEAD https://huggingface.co/api/resolve-cache/models/google/pegasus-cnn_dailymail/40d588fdab0cc077b80d950b300bf66ad3c75b92/config.json "HTTP/1.1 200 OK"]
[2026-04-20 11:09:16,756: INFO: _client: 1025: HTTP Request: HEAD https://huggingface.co/google/pegasus-cnn_dailymail/resolve/main/model.safetensors "HTTP/1.1 404 Not Found"]
[2026-04-20 11:09:17,282: INFO: _client: 1025: HTTP Request: GET https://huggingface.co/api/models/google/pegasus-cnn_dailymail "HTTP/1.1 200 OK"]
[2026-04-20 11:09:17,809: INFO: _client: 1025: HTTP Request: GET https://huggingface.co/api/models/google/pegasus-cnn_dailymail/commits/main "HTTP/1.1 200 OK"]
[2026-04-20 11:09:18,236: INFO: _client: 1025: HTTP Request: GET https://huggingface.co/api/models/google/pegasus-cnn_dailymail/discussions?p=0 "HTTP/1.1 200 OK"]
[2026-04-20 11:09:18,547: INFO: _client: 1025: HTTP Request: GET https://huggingface.co/api/models/google/pegasus-cnn_dailymail/commits/refs%2Fpr%2F12 "HTTP/1.1 200 OK"]
[2026-04-20 11:09:19,014: INFO: _client: 1025: HTTP Request: HEAD https://huggingface.co/google/pegasus-cnn_dailymail/resolve/refs%2Fpr%2F12/model.safetensors.index.json "HTTP/1.1 404 Not Found"]
[2026-04-20 11:09:19,297: INFO: _client: 1025: HTTP Request: HEAD https://huggingface.co/google/pegasus-cnn_dailymail/resolve/refs%2Fpr%2F12/model.safetensors "HTTP/1.1 302 Found"]
[2026-04-20 11:09:22,667: INFO: _client: 1025: HTTP Request: HEAD https://huggingface.co/google/pegasus-cnn_dailymail/resolve/main/generation_config.json "HTTP/1.1 307 Temporary Redirect"]
[2026-04-20 11:09:22,685: INFO: _client: 1025: HTTP Request: HEAD https://huggingface.co/api/resolve-cache/models/google/pegasus-cnn_dailymail/40d588fdab0cc077b80d950b300bf66ad3c75b92/generation_config.json "HTTP/1.1 200 OK"]
[2026-04-20 11:11:01,962: INFO: common: 31: YAML file 'C:\Users\mecenturion\Desktop\MARTIN\UDEMY\MLOPS\TextSummarizer\textsummarizer\config\config.yaml' read successfully.]
[2026-04-20 11:11:01,970: INFO: common: 31: YAML file 'C:\Users\mecenturion\Desktop\MARTIN\UDEMY\MLOPS\TextSummarizer\textsummarizer\params.yaml' read successfully.]
[2026-04-20 11:11:01,975: INFO: common: 53: Directory 'artifacts' created successfully.]
[2026-04-20 11:11:01,978: INFO: common: 53: Directory 'artifacts/model_trainer' created successfully.]
[2026-04-20 11:11:02,182: INFO: _client: 1025: HTTP Request: HEAD https://huggingface.co/google/pegasus-cnn_dailymail/resolve/main/config.json "HTTP/1.1 307 Temporary Redirect"]
[2026-04-20 11:11:02,184: WARNING: _http: 916: Warning: You are sending unauthenticated requests to the HF Hub. Please set a HF_TOKEN to enable higher rate limits and faster downloads.]
[2026-04-20 11:11:02,204: INFO: _client: 1025: HTTP Request: HEAD https://huggingface.co/api/resolve-cache/models/google/pegasus-cnn_dailymail/40d588fdab0cc077b80d950b300bf66ad3c75b92/config.json "HTTP/1.1 200 OK"]
[2026-04-20 11:11:02,378: INFO: _client: 1025: HTTP Request: HEAD https://huggingface.co/google/pegasus-cnn_dailymail/resolve/main/tokenizer_config.json "HTTP/1.1 307 Temporary Redirect"]
[2026-04-20 11:11:02,398: INFO: _client: 1025: HTTP Request: HEAD https://huggingface.co/api/resolve-cache/models/google/pegasus-cnn_dailymail/40d588fdab0cc077b80d950b300bf66ad3c75b92/tokenizer_config.json "HTTP/1.1 200 OK"]
[2026-04-20 11:11:02,549: INFO: _client: 1025: HTTP Request: GET https://huggingface.co/api/models/google/pegasus-cnn_dailymail/tree/main/additional_chat_templates?recursive=false&expand=false "HTTP/1.1 404 Not Found"]
[2026-04-20 11:11:02,715: INFO: _client: 1025: HTTP Request: GET https://huggingface.co/api/models/google/pegasus-cnn_dailymail/tree/main?recursive=true&expand=false "HTTP/1.1 200 OK"]
[2026-04-20 11:11:03,287: INFO: _client: 1025: HTTP Request: HEAD https://huggingface.co/google/pegasus-cnn_dailymail/resolve/main/config.json "HTTP/1.1 307 Temporary Redirect"]
[2026-04-20 11:11:03,315: INFO: _client: 1025: HTTP Request: HEAD https://huggingface.co/api/resolve-cache/models/google/pegasus-cnn_dailymail/40d588fdab0cc077b80d950b300bf66ad3c75b92/config.json "HTTP/1.1 200 OK"]
[2026-04-20 11:11:03,513: INFO: _client: 1025: HTTP Request: HEAD https://huggingface.co/google/pegasus-cnn_dailymail/resolve/main/model.safetensors "HTTP/1.1 404 Not Found"]
[2026-04-20 11:11:03,880: INFO: _client: 1025: HTTP Request: GET https://huggingface.co/api/models/google/pegasus-cnn_dailymail "HTTP/1.1 200 OK"]
[2026-04-20 11:11:04,242: INFO: _client: 1025: HTTP Request: GET https://huggingface.co/api/models/google/pegasus-cnn_dailymail/commits/main "HTTP/1.1 200 OK"]
[2026-04-20 11:11:04,634: INFO: _client: 1025: HTTP Request: GET https://huggingface.co/api/models/google/pegasus-cnn_dailymail/discussions?p=0 "HTTP/1.1 200 OK"]
[2026-04-20 11:11:05,063: INFO: _client: 1025: HTTP Request: GET https://huggingface.co/api/models/google/pegasus-cnn_dailymail/commits/refs%2Fpr%2F12 "HTTP/1.1 200 OK"]
[2026-04-20 11:11:05,379: INFO: _client: 1025: HTTP Request: HEAD https://huggingface.co/google/pegasus-cnn_dailymail/resolve/refs%2Fpr%2F12/model.safetensors.index.json "HTTP/1.1 404 Not Found"]
[2026-04-20 11:11:05,829: INFO: _client: 1025: HTTP Request: HEAD https://huggingface.co/google/pegasus-cnn_dailymail/resolve/refs%2Fpr%2F12/model.safetensors "HTTP/1.1 302 Found"]
[2026-04-20 11:11:09,829: INFO: _client: 1025: HTTP Request: HEAD https://huggingface.co/google/pegasus-cnn_dailymail/resolve/main/generation_config.json "HTTP/1.1 307 Temporary Redirect"]
[2026-04-20 11:11:09,849: INFO: _client: 1025: HTTP Request: HEAD https://huggingface.co/api/resolve-cache/models/google/pegasus-cnn_dailymail/40d588fdab0cc077b80d950b300bf66ad3c75b92/generation_config.json "HTTP/1.1 200 OK"]
[2026-04-20 11:12:29,692: INFO: common: 31: YAML file 'C:\Users\mecenturion\Desktop\MARTIN\UDEMY\MLOPS\TextSummarizer\textsummarizer\config\config.yaml' read successfully.]
[2026-04-20 11:12:29,696: INFO: common: 31: YAML file 'C:\Users\mecenturion\Desktop\MARTIN\UDEMY\MLOPS\TextSummarizer\textsummarizer\params.yaml' read successfully.]
[2026-04-20 11:12:29,698: INFO: common: 53: Directory 'artifacts' created successfully.]
[2026-04-20 11:12:29,700: INFO: common: 53: Directory 'artifacts/model_trainer' created successfully.]
[2026-04-20 11:12:29,880: INFO: _client: 1025: HTTP Request: HEAD https://huggingface.co/google/pegasus-cnn_dailymail/resolve/main/config.json "HTTP/1.1 307 Temporary Redirect"]
[2026-04-20 11:12:29,898: INFO: _client: 1025: HTTP Request: HEAD https://huggingface.co/api/resolve-cache/models/google/pegasus-cnn_dailymail/40d588fdab0cc077b80d950b300bf66ad3c75b92/config.json "HTTP/1.1 200 OK"]
[2026-04-20 11:12:30,048: INFO: _client: 1025: HTTP Request: HEAD https://huggingface.co/google/pegasus-cnn_dailymail/resolve/main/tokenizer_config.json "HTTP/1.1 307 Temporary Redirect"]
[2026-04-20 11:12:30,068: INFO: _client: 1025: HTTP Request: HEAD https://huggingface.co/api/resolve-cache/models/google/pegasus-cnn_dailymail/40d588fdab0cc077b80d950b300bf66ad3c75b92/tokenizer_config.json "HTTP/1.1 200 OK"]
[2026-04-20 11:12:30,205: INFO: _client: 1025: HTTP Request: GET https://huggingface.co/api/models/google/pegasus-cnn_dailymail/tree/main/additional_chat_templates?recursive=false&expand=false "HTTP/1.1 404 Not Found"]
[2026-04-20 11:12:30,339: INFO: _client: 1025: HTTP Request: GET https://huggingface.co/api/models/google/pegasus-cnn_dailymail/tree/main?recursive=true&expand=false "HTTP/1.1 200 OK"]
[2026-04-20 11:12:30,686: INFO: _client: 1025: HTTP Request: HEAD https://huggingface.co/google/pegasus-cnn_dailymail/resolve/main/config.json "HTTP/1.1 307 Temporary Redirect"]
[2026-04-20 11:12:30,709: INFO: _client: 1025: HTTP Request: HEAD https://huggingface.co/api/resolve-cache/models/google/pegasus-cnn_dailymail/40d588fdab0cc077b80d950b300bf66ad3c75b92/config.json "HTTP/1.1 200 OK"]
[2026-04-20 11:12:30,849: INFO: _client: 1025: HTTP Request: HEAD https://huggingface.co/google/pegasus-cnn_dailymail/resolve/main/model.safetensors "HTTP/1.1 404 Not Found"]
[2026-04-20 11:12:31,137: INFO: _client: 1025: HTTP Request: GET https://huggingface.co/api/models/google/pegasus-cnn_dailymail "HTTP/1.1 200 OK"]
[2026-04-20 11:12:31,514: INFO: _client: 1025: HTTP Request: GET https://huggingface.co/api/models/google/pegasus-cnn_dailymail/commits/main "HTTP/1.1 200 OK"]
[2026-04-20 11:12:31,930: INFO: _client: 1025: HTTP Request: GET https://huggingface.co/api/models/google/pegasus-cnn_dailymail/discussions?p=0 "HTTP/1.1 200 OK"]
[2026-04-20 11:12:32,295: INFO: _client: 1025: HTTP Request: GET https://huggingface.co/api/models/google/pegasus-cnn_dailymail/commits/refs%2Fpr%2F12 "HTTP/1.1 200 OK"]
[2026-04-20 11:12:32,729: INFO: _client: 1025: HTTP Request: HEAD https://huggingface.co/google/pegasus-cnn_dailymail/resolve/refs%2Fpr%2F12/model.safetensors.index.json "HTTP/1.1 404 Not Found"]
[2026-04-20 11:12:32,975: INFO: _client: 1025: HTTP Request: HEAD https://huggingface.co/google/pegasus-cnn_dailymail/resolve/refs%2Fpr%2F12/model.safetensors "HTTP/1.1 302 Found"]
[2026-04-20 11:12:37,793: INFO: _client: 1025: HTTP Request: HEAD https://huggingface.co/google/pegasus-cnn_dailymail/resolve/main/generation_config.json "HTTP/1.1 307 Temporary Redirect"]
[2026-04-20 11:12:37,838: INFO: _client: 1025: HTTP Request: HEAD https://huggingface.co/api/resolve-cache/models/google/pegasus-cnn_dailymail/40d588fdab0cc077b80d950b300bf66ad3c75b92/generation_config.json "HTTP/1.1 200 OK"]
[2026-04-20 11:15:43,055: INFO: common: 31: YAML file 'C:\Users\mecenturion\Desktop\MARTIN\UDEMY\MLOPS\TextSummarizer\textsummarizer\config\config.yaml' read successfully.]
[2026-04-20 11:15:43,062: INFO: common: 31: YAML file 'C:\Users\mecenturion\Desktop\MARTIN\UDEMY\MLOPS\TextSummarizer\textsummarizer\params.yaml' read successfully.]
[2026-04-20 11:15:43,064: INFO: common: 53: Directory 'artifacts' created successfully.]
[2026-04-20 11:15:43,069: INFO: common: 53: Directory 'artifacts/model_trainer' created successfully.]
[2026-04-20 11:15:43,283: INFO: _client: 1025: HTTP Request: HEAD https://huggingface.co/google/pegasus-cnn_dailymail/resolve/main/config.json "HTTP/1.1 307 Temporary Redirect"]
[2026-04-20 11:15:43,308: INFO: _client: 1025: HTTP Request: HEAD https://huggingface.co/api/resolve-cache/models/google/pegasus-cnn_dailymail/40d588fdab0cc077b80d950b300bf66ad3c75b92/config.json "HTTP/1.1 200 OK"]
[2026-04-20 11:15:43,489: INFO: _client: 1025: HTTP Request: HEAD https://huggingface.co/google/pegasus-cnn_dailymail/resolve/main/tokenizer_config.json "HTTP/1.1 307 Temporary Redirect"]
[2026-04-20 11:15:43,514: INFO: _client: 1025: HTTP Request: HEAD https://huggingface.co/api/resolve-cache/models/google/pegasus-cnn_dailymail/40d588fdab0cc077b80d950b300bf66ad3c75b92/tokenizer_config.json "HTTP/1.1 200 OK"]
[2026-04-20 11:15:43,666: INFO: _client: 1025: HTTP Request: GET https://huggingface.co/api/models/google/pegasus-cnn_dailymail/tree/main/additional_chat_templates?recursive=false&expand=false "HTTP/1.1 404 Not Found"]
[2026-04-20 11:15:43,817: INFO: _client: 1025: HTTP Request: GET https://huggingface.co/api/models/google/pegasus-cnn_dailymail/tree/main?recursive=true&expand=false "HTTP/1.1 200 OK"]
[2026-04-20 11:15:44,183: INFO: _client: 1025: HTTP Request: HEAD https://huggingface.co/google/pegasus-cnn_dailymail/resolve/main/config.json "HTTP/1.1 307 Temporary Redirect"]
[2026-04-20 11:15:44,206: INFO: _client: 1025: HTTP Request: HEAD https://huggingface.co/api/resolve-cache/models/google/pegasus-cnn_dailymail/40d588fdab0cc077b80d950b300bf66ad3c75b92/config.json "HTTP/1.1 200 OK"]
[2026-04-20 11:15:44,358: INFO: _client: 1025: HTTP Request: HEAD https://huggingface.co/google/pegasus-cnn_dailymail/resolve/main/model.safetensors "HTTP/1.1 404 Not Found"]
[2026-04-20 11:15:44,670: INFO: _client: 1025: HTTP Request: GET https://huggingface.co/api/models/google/pegasus-cnn_dailymail "HTTP/1.1 200 OK"]
[2026-04-20 11:15:44,910: INFO: _client: 1025: HTTP Request: GET https://huggingface.co/api/models/google/pegasus-cnn_dailymail/commits/main "HTTP/1.1 200 OK"]
[2026-04-20 11:15:45,170: INFO: _client: 1025: HTTP Request: GET https://huggingface.co/api/models/google/pegasus-cnn_dailymail/discussions?p=0 "HTTP/1.1 200 OK"]
[2026-04-20 11:15:45,426: INFO: _client: 1025: HTTP Request: GET https://huggingface.co/api/models/google/pegasus-cnn_dailymail/commits/refs%2Fpr%2F12 "HTTP/1.1 200 OK"]
[2026-04-20 11:15:45,709: INFO: _client: 1025: HTTP Request: HEAD https://huggingface.co/google/pegasus-cnn_dailymail/resolve/refs%2Fpr%2F12/model.safetensors.index.json "HTTP/1.1 404 Not Found"]
[2026-04-20 11:15:46,176: INFO: _client: 1025: HTTP Request: HEAD https://huggingface.co/google/pegasus-cnn_dailymail/resolve/refs%2Fpr%2F12/model.safetensors "HTTP/1.1 302 Found"]
[2026-04-20 11:15:50,925: INFO: _client: 1025: HTTP Request: HEAD https://huggingface.co/google/pegasus-cnn_dailymail/resolve/main/generation_config.json "HTTP/1.1 307 Temporary Redirect"]
[2026-04-20 11:15:50,944: INFO: _client: 1025: HTTP Request: HEAD https://huggingface.co/api/resolve-cache/models/google/pegasus-cnn_dailymail/40d588fdab0cc077b80d950b300bf66ad3c75b92/generation_config.json "HTTP/1.1 200 OK"]
[2026-04-20 11:16:40,501: INFO: common: 31: YAML file 'C:\Users\mecenturion\Desktop\MARTIN\UDEMY\MLOPS\TextSummarizer\textsummarizer\config\config.yaml' read successfully.]
[2026-04-20 11:16:40,506: INFO: common: 31: YAML file 'C:\Users\mecenturion\Desktop\MARTIN\UDEMY\MLOPS\TextSummarizer\textsummarizer\params.yaml' read successfully.]
[2026-04-20 11:16:40,510: INFO: common: 53: Directory 'artifacts' created successfully.]
[2026-04-20 11:16:40,513: INFO: common: 53: Directory 'artifacts/model_trainer' created successfully.]
[2026-04-20 11:16:40,720: INFO: _client: 1025: HTTP Request: HEAD https://huggingface.co/google/pegasus-cnn_dailymail/resolve/main/config.json "HTTP/1.1 307 Temporary Redirect"]
[2026-04-20 11:16:40,741: INFO: _client: 1025: HTTP Request: HEAD https://huggingface.co/api/resolve-cache/models/google/pegasus-cnn_dailymail/40d588fdab0cc077b80d950b300bf66ad3c75b92/config.json "HTTP/1.1 200 OK"]
[2026-04-20 11:16:40,897: INFO: _client: 1025: HTTP Request: HEAD https://huggingface.co/google/pegasus-cnn_dailymail/resolve/main/tokenizer_config.json "HTTP/1.1 307 Temporary Redirect"]
[2026-04-20 11:16:40,917: INFO: _client: 1025: HTTP Request: HEAD https://huggingface.co/api/resolve-cache/models/google/pegasus-cnn_dailymail/40d588fdab0cc077b80d950b300bf66ad3c75b92/tokenizer_config.json "HTTP/1.1 200 OK"]
[2026-04-20 11:16:41,059: INFO: _client: 1025: HTTP Request: GET https://huggingface.co/api/models/google/pegasus-cnn_dailymail/tree/main/additional_chat_templates?recursive=false&expand=false "HTTP/1.1 404 Not Found"]
[2026-04-20 11:16:41,204: INFO: _client: 1025: HTTP Request: GET https://huggingface.co/api/models/google/pegasus-cnn_dailymail/tree/main?recursive=true&expand=false "HTTP/1.1 200 OK"]
[2026-04-20 11:16:41,555: INFO: _client: 1025: HTTP Request: HEAD https://huggingface.co/google/pegasus-cnn_dailymail/resolve/main/config.json "HTTP/1.1 307 Temporary Redirect"]
[2026-04-20 11:16:41,578: INFO: _client: 1025: HTTP Request: HEAD https://huggingface.co/api/resolve-cache/models/google/pegasus-cnn_dailymail/40d588fdab0cc077b80d950b300bf66ad3c75b92/config.json "HTTP/1.1 200 OK"]
[2026-04-20 11:16:41,741: INFO: _client: 1025: HTTP Request: HEAD https://huggingface.co/google/pegasus-cnn_dailymail/resolve/main/model.safetensors "HTTP/1.1 404 Not Found"]
[2026-04-20 11:16:41,893: INFO: _client: 1025: HTTP Request: GET https://huggingface.co/api/models/google/pegasus-cnn_dailymail "HTTP/1.1 200 OK"]
[2026-04-20 11:16:42,147: INFO: _client: 1025: HTTP Request: GET https://huggingface.co/api/models/google/pegasus-cnn_dailymail/commits/main "HTTP/1.1 200 OK"]
[2026-04-20 11:16:42,552: INFO: _client: 1025: HTTP Request: GET https://huggingface.co/api/models/google/pegasus-cnn_dailymail/discussions?p=0 "HTTP/1.1 200 OK"]
[2026-04-20 11:16:42,825: INFO: _client: 1025: HTTP Request: GET https://huggingface.co/api/models/google/pegasus-cnn_dailymail/commits/refs%2Fpr%2F12 "HTTP/1.1 200 OK"]
[2026-04-20 11:16:43,220: INFO: _client: 1025: HTTP Request: HEAD https://huggingface.co/google/pegasus-cnn_dailymail/resolve/refs%2Fpr%2F12/model.safetensors.index.json "HTTP/1.1 404 Not Found"]
[2026-04-20 11:16:43,727: INFO: _client: 1025: HTTP Request: HEAD https://huggingface.co/google/pegasus-cnn_dailymail/resolve/refs%2Fpr%2F12/model.safetensors "HTTP/1.1 302 Found"]
[2026-04-20 11:16:46,540: INFO: _client: 1025: HTTP Request: HEAD https://huggingface.co/google/pegasus-cnn_dailymail/resolve/main/generation_config.json "HTTP/1.1 307 Temporary Redirect"]
[2026-04-20 11:16:46,558: INFO: _client: 1025: HTTP Request: HEAD https://huggingface.co/api/resolve-cache/models/google/pegasus-cnn_dailymail/40d588fdab0cc077b80d950b300bf66ad3c75b92/generation_config.json "HTTP/1.1 200 OK"]
[2026-04-20 11:21:43,902: INFO: common: 31: YAML file 'C:\Users\mecenturion\Desktop\MARTIN\UDEMY\MLOPS\TextSummarizer\textsummarizer\config\config.yaml' read successfully.]
[2026-04-20 11:21:43,912: INFO: common: 31: YAML file 'C:\Users\mecenturion\Desktop\MARTIN\UDEMY\MLOPS\TextSummarizer\textsummarizer\params.yaml' read successfully.]
[2026-04-20 11:21:43,916: INFO: common: 53: Directory 'artifacts' created successfully.]
[2026-04-20 11:21:43,918: INFO: common: 53: Directory 'artifacts/model_trainer' created successfully.]
[2026-04-20 11:21:44,222: INFO: _client: 1025: HTTP Request: HEAD https://huggingface.co/google/pegasus-cnn_dailymail/resolve/main/config.json "HTTP/1.1 307 Temporary Redirect"]
[2026-04-20 11:21:44,265: INFO: _client: 1025: HTTP Request: HEAD https://huggingface.co/api/resolve-cache/models/google/pegasus-cnn_dailymail/40d588fdab0cc077b80d950b300bf66ad3c75b92/config.json "HTTP/1.1 200 OK"]
[2026-04-20 11:21:44,440: INFO: _client: 1025: HTTP Request: HEAD https://huggingface.co/google/pegasus-cnn_dailymail/resolve/main/tokenizer_config.json "HTTP/1.1 307 Temporary Redirect"]
[2026-04-20 11:21:44,485: INFO: _client: 1025: HTTP Request: HEAD https://huggingface.co/api/resolve-cache/models/google/pegasus-cnn_dailymail/40d588fdab0cc077b80d950b300bf66ad3c75b92/tokenizer_config.json "HTTP/1.1 200 OK"]
[2026-04-20 11:21:44,649: INFO: _client: 1025: HTTP Request: GET https://huggingface.co/api/models/google/pegasus-cnn_dailymail/tree/main/additional_chat_templates?recursive=false&expand=false "HTTP/1.1 404 Not Found"]
[2026-04-20 11:21:44,805: INFO: _client: 1025: HTTP Request: GET https://huggingface.co/api/models/google/pegasus-cnn_dailymail/tree/main?recursive=true&expand=false "HTTP/1.1 200 OK"]
[2026-04-20 11:21:45,232: INFO: _client: 1025: HTTP Request: HEAD https://huggingface.co/google/pegasus-cnn_dailymail/resolve/main/config.json "HTTP/1.1 307 Temporary Redirect"]
[2026-04-20 11:21:45,252: INFO: _client: 1025: HTTP Request: HEAD https://huggingface.co/api/resolve-cache/models/google/pegasus-cnn_dailymail/40d588fdab0cc077b80d950b300bf66ad3c75b92/config.json "HTTP/1.1 200 OK"]
[2026-04-20 11:21:45,436: INFO: _client: 1025: HTTP Request: HEAD https://huggingface.co/google/pegasus-cnn_dailymail/resolve/main/model.safetensors "HTTP/1.1 404 Not Found"]
[2026-04-20 11:21:46,130: INFO: _client: 1025: HTTP Request: GET https://huggingface.co/api/models/google/pegasus-cnn_dailymail "HTTP/1.1 200 OK"]
[2026-04-20 11:21:46,489: INFO: _client: 1025: HTTP Request: GET https://huggingface.co/api/models/google/pegasus-cnn_dailymail/commits/main "HTTP/1.1 200 OK"]
[2026-04-20 11:21:46,948: INFO: _client: 1025: HTTP Request: GET https://huggingface.co/api/models/google/pegasus-cnn_dailymail/discussions?p=0 "HTTP/1.1 200 OK"]
[2026-04-20 11:21:47,291: INFO: _client: 1025: HTTP Request: GET https://huggingface.co/api/models/google/pegasus-cnn_dailymail/commits/refs%2Fpr%2F12 "HTTP/1.1 200 OK"]
[2026-04-20 11:21:47,744: INFO: _client: 1025: HTTP Request: HEAD https://huggingface.co/google/pegasus-cnn_dailymail/resolve/refs%2Fpr%2F12/model.safetensors.index.json "HTTP/1.1 404 Not Found"]
[2026-04-20 11:21:48,720: INFO: _client: 1025: HTTP Request: HEAD https://huggingface.co/google/pegasus-cnn_dailymail/resolve/refs%2Fpr%2F12/model.safetensors "HTTP/1.1 302 Found"]
[2026-04-20 11:22:01,553: INFO: _client: 1025: HTTP Request: HEAD https://huggingface.co/google/pegasus-cnn_dailymail/resolve/main/generation_config.json "HTTP/1.1 307 Temporary Redirect"]
[2026-04-20 11:22:01,584: INFO: _client: 1025: HTTP Request: HEAD https://huggingface.co/api/resolve-cache/models/google/pegasus-cnn_dailymail/40d588fdab0cc077b80d950b300bf66ad3c75b92/generation_config.json "HTTP/1.1 200 OK"]
[2026-04-20 11:37:25,982: INFO: common: 31: YAML file 'C:\Users\mecenturion\Desktop\MARTIN\UDEMY\MLOPS\TextSummarizer\textsummarizer\config\config.yaml' read successfully.]
[2026-04-20 11:37:25,995: INFO: common: 31: YAML file 'C:\Users\mecenturion\Desktop\MARTIN\UDEMY\MLOPS\TextSummarizer\textsummarizer\params.yaml' read successfully.]
[2026-04-20 11:37:25,999: INFO: common: 53: Directory 'artifacts' created successfully.]
[2026-04-20 11:37:26,002: INFO: common: 53: Directory 'artifacts/model_trainer' created successfully.]
[2026-04-20 11:37:26,245: INFO: _client: 1025: HTTP Request: HEAD https://huggingface.co/google/pegasus-cnn_dailymail/resolve/main/config.json "HTTP/1.1 307 Temporary Redirect"]
[2026-04-20 11:37:26,272: INFO: _client: 1025: HTTP Request: HEAD https://huggingface.co/api/resolve-cache/models/google/pegasus-cnn_dailymail/40d588fdab0cc077b80d950b300bf66ad3c75b92/config.json "HTTP/1.1 200 OK"]
[2026-04-20 11:37:26,439: INFO: _client: 1025: HTTP Request: HEAD https://huggingface.co/google/pegasus-cnn_dailymail/resolve/main/tokenizer_config.json "HTTP/1.1 307 Temporary Redirect"]
[2026-04-20 11:37:26,462: INFO: _client: 1025: HTTP Request: HEAD https://huggingface.co/api/resolve-cache/models/google/pegasus-cnn_dailymail/40d588fdab0cc077b80d950b300bf66ad3c75b92/tokenizer_config.json "HTTP/1.1 200 OK"]
[2026-04-20 11:37:26,607: INFO: _client: 1025: HTTP Request: GET https://huggingface.co/api/models/google/pegasus-cnn_dailymail/tree/main/additional_chat_templates?recursive=false&expand=false "HTTP/1.1 404 Not Found"]
[2026-04-20 11:37:26,764: INFO: _client: 1025: HTTP Request: GET https://huggingface.co/api/models/google/pegasus-cnn_dailymail/tree/main?recursive=true&expand=false "HTTP/1.1 200 OK"]
[2026-04-20 11:37:27,242: INFO: _client: 1025: HTTP Request: HEAD https://huggingface.co/google/pegasus-cnn_dailymail/resolve/main/config.json "HTTP/1.1 307 Temporary Redirect"]
[2026-04-20 11:37:27,268: INFO: _client: 1025: HTTP Request: HEAD https://huggingface.co/api/resolve-cache/models/google/pegasus-cnn_dailymail/40d588fdab0cc077b80d950b300bf66ad3c75b92/config.json "HTTP/1.1 200 OK"]
[2026-04-20 11:37:27,434: INFO: _client: 1025: HTTP Request: HEAD https://huggingface.co/google/pegasus-cnn_dailymail/resolve/main/model.safetensors "HTTP/1.1 404 Not Found"]
[2026-04-20 11:37:27,612: INFO: _client: 1025: HTTP Request: GET https://huggingface.co/api/models/google/pegasus-cnn_dailymail "HTTP/1.1 200 OK"]
[2026-04-20 11:37:28,289: INFO: _client: 1025: HTTP Request: GET https://huggingface.co/api/models/google/pegasus-cnn_dailymail/commits/main "HTTP/1.1 200 OK"]
[2026-04-20 11:37:28,806: INFO: _client: 1025: HTTP Request: GET https://huggingface.co/api/models/google/pegasus-cnn_dailymail/discussions?p=0 "HTTP/1.1 200 OK"]
[2026-04-20 11:37:29,253: INFO: _client: 1025: HTTP Request: GET https://huggingface.co/api/models/google/pegasus-cnn_dailymail/commits/refs%2Fpr%2F12 "HTTP/1.1 200 OK"]
[2026-04-20 11:37:29,491: INFO: _client: 1025: HTTP Request: HEAD https://huggingface.co/google/pegasus-cnn_dailymail/resolve/refs%2Fpr%2F12/model.safetensors.index.json "HTTP/1.1 404 Not Found"]
[2026-04-20 11:37:29,848: INFO: _client: 1025: HTTP Request: HEAD https://huggingface.co/google/pegasus-cnn_dailymail/resolve/refs%2Fpr%2F12/model.safetensors "HTTP/1.1 302 Found"]
[2026-04-20 11:37:32,765: INFO: _client: 1025: HTTP Request: HEAD https://huggingface.co/google/pegasus-cnn_dailymail/resolve/main/generation_config.json "HTTP/1.1 307 Temporary Redirect"]
[2026-04-20 11:37:32,827: INFO: _client: 1025: HTTP Request: HEAD https://huggingface.co/api/resolve-cache/models/google/pegasus-cnn_dailymail/40d588fdab0cc077b80d950b300bf66ad3c75b92/generation_config.json "HTTP/1.1 200 OK"]
[2026-04-22 10:53:21,281: INFO: common: 31: YAML file 'C:\Users\mecenturion\Desktop\MARTIN\UDEMY\MLOPS\TextSummarizer\textsummarizer\config\config.yaml' read successfully.]
[2026-04-22 10:53:21,294: INFO: common: 31: YAML file 'C:\Users\mecenturion\Desktop\MARTIN\UDEMY\MLOPS\TextSummarizer\textsummarizer\params.yaml' read successfully.]
[2026-04-22 10:53:21,297: INFO: common: 53: Directory 'artifacts' created successfully.]
[2026-04-22 10:56:09,529: INFO: common: 31: YAML file 'C:\Users\mecenturion\Desktop\MARTIN\UDEMY\MLOPS\TextSummarizer\textsummarizer\config\config.yaml' read successfully.]
[2026-04-22 10:56:09,534: INFO: common: 31: YAML file 'C:\Users\mecenturion\Desktop\MARTIN\UDEMY\MLOPS\TextSummarizer\textsummarizer\params.yaml' read successfully.]
[2026-04-22 10:56:09,537: INFO: common: 53: Directory 'artifacts' created successfully.]
[2026-04-22 10:57:15,476: INFO: common: 31: YAML file 'C:\Users\mecenturion\Desktop\MARTIN\UDEMY\MLOPS\TextSummarizer\textsummarizer\config\config.yaml' read successfully.]
[2026-04-22 10:57:15,480: INFO: common: 31: YAML file 'C:\Users\mecenturion\Desktop\MARTIN\UDEMY\MLOPS\TextSummarizer\textsummarizer\params.yaml' read successfully.]
[2026-04-22 10:57:15,484: INFO: common: 53: Directory 'artifacts' created successfully.]
[2026-04-22 10:57:19,434: INFO: common: 31: YAML file 'C:\Users\mecenturion\Desktop\MARTIN\UDEMY\MLOPS\TextSummarizer\textsummarizer\config\config.yaml' read successfully.]
[2026-04-22 10:57:19,438: INFO: common: 31: YAML file 'C:\Users\mecenturion\Desktop\MARTIN\UDEMY\MLOPS\TextSummarizer\textsummarizer\params.yaml' read successfully.]
[2026-04-22 10:57:19,440: INFO: common: 53: Directory 'artifacts' created successfully.]
[2026-04-22 10:58:21,378: INFO: common: 31: YAML file 'C:\Users\mecenturion\Desktop\MARTIN\UDEMY\MLOPS\TextSummarizer\textsummarizer\config\config.yaml' read successfully.]
[2026-04-22 10:58:21,382: INFO: common: 31: YAML file 'C:\Users\mecenturion\Desktop\MARTIN\UDEMY\MLOPS\TextSummarizer\textsummarizer\params.yaml' read successfully.]
[2026-04-22 10:58:21,384: INFO: common: 53: Directory 'artifacts' created successfully.]
[2026-04-22 10:58:38,934: INFO: common: 31: YAML file 'C:\Users\mecenturion\Desktop\MARTIN\UDEMY\MLOPS\TextSummarizer\textsummarizer\config\config.yaml' read successfully.]
[2026-04-22 10:58:38,938: INFO: common: 31: YAML file 'C:\Users\mecenturion\Desktop\MARTIN\UDEMY\MLOPS\TextSummarizer\textsummarizer\params.yaml' read successfully.]
[2026-04-22 10:58:38,942: INFO: common: 53: Directory 'artifacts' created successfully.]
[2026-04-22 11:00:45,272: INFO: common: 31: YAML file 'C:\Users\mecenturion\Desktop\MARTIN\UDEMY\MLOPS\TextSummarizer\textsummarizer\config\config.yaml' read successfully.]
[2026-04-22 11:00:45,280: INFO: common: 31: YAML file 'C:\Users\mecenturion\Desktop\MARTIN\UDEMY\MLOPS\TextSummarizer\textsummarizer\params.yaml' read successfully.]
[2026-04-22 11:00:45,283: INFO: common: 53: Directory 'artifacts' created successfully.]
[2026-04-22 11:01:11,427: INFO: common: 31: YAML file 'C:\Users\mecenturion\Desktop\MARTIN\UDEMY\MLOPS\TextSummarizer\textsummarizer\config\config.yaml' read successfully.]
[2026-04-22 11:01:11,431: INFO: common: 31: YAML file 'C:\Users\mecenturion\Desktop\MARTIN\UDEMY\MLOPS\TextSummarizer\textsummarizer\params.yaml' read successfully.]
[2026-04-22 11:01:11,433: INFO: common: 53: Directory 'artifacts' created successfully.]
[2026-04-22 11:06:14,054: INFO: common: 31: YAML file 'C:\Users\mecenturion\Desktop\MARTIN\UDEMY\MLOPS\TextSummarizer\textsummarizer\config\config.yaml' read successfully.]
[2026-04-22 11:06:14,059: INFO: common: 31: YAML file 'C:\Users\mecenturion\Desktop\MARTIN\UDEMY\MLOPS\TextSummarizer\textsummarizer\params.yaml' read successfully.]
[2026-04-22 11:06:14,063: INFO: common: 53: Directory 'artifacts' created successfully.]
[2026-04-22 11:08:53,735: INFO: common: 31: YAML file 'C:\Users\mecenturion\Desktop\MARTIN\UDEMY\MLOPS\TextSummarizer\textsummarizer\config\config.yaml' read successfully.]
[2026-04-22 11:08:53,740: INFO: common: 31: YAML file 'C:\Users\mecenturion\Desktop\MARTIN\UDEMY\MLOPS\TextSummarizer\textsummarizer\params.yaml' read successfully.]
[2026-04-22 11:08:53,742: INFO: common: 53: Directory 'artifacts' created successfully.]
[2026-04-22 11:09:24,009: INFO: common: 31: YAML file 'C:\Users\mecenturion\Desktop\MARTIN\UDEMY\MLOPS\TextSummarizer\textsummarizer\config\config.yaml' read successfully.]
[2026-04-22 11:09:24,013: INFO: common: 31: YAML file 'C:\Users\mecenturion\Desktop\MARTIN\UDEMY\MLOPS\TextSummarizer\textsummarizer\params.yaml' read successfully.]
[2026-04-22 11:09:24,017: INFO: common: 53: Directory 'artifacts' created successfully.]
[2026-04-22 11:10:28,769: INFO: common: 31: YAML file 'C:\Users\mecenturion\Desktop\MARTIN\UDEMY\MLOPS\TextSummarizer\textsummarizer\config\config.yaml' read successfully.]
[2026-04-22 11:10:28,774: INFO: common: 31: YAML file 'C:\Users\mecenturion\Desktop\MARTIN\UDEMY\MLOPS\TextSummarizer\textsummarizer\params.yaml' read successfully.]
[2026-04-22 11:10:28,778: INFO: common: 53: Directory 'artifacts' created successfully.]
[2026-04-22 11:11:17,672: INFO: common: 31: YAML file 'C:\Users\mecenturion\Desktop\MARTIN\UDEMY\MLOPS\TextSummarizer\textsummarizer\config\config.yaml' read successfully.]
[2026-04-22 11:11:17,676: INFO: common: 31: YAML file 'C:\Users\mecenturion\Desktop\MARTIN\UDEMY\MLOPS\TextSummarizer\textsummarizer\params.yaml' read successfully.]
[2026-04-22 11:11:17,679: INFO: common: 53: Directory 'artifacts' created successfully.]
[2026-04-22 11:12:09,932: INFO: common: 31: YAML file 'C:\Users\mecenturion\Desktop\MARTIN\UDEMY\MLOPS\TextSummarizer\textsummarizer\config\config.yaml' read successfully.]
[2026-04-22 11:12:09,938: INFO: common: 31: YAML file 'C:\Users\mecenturion\Desktop\MARTIN\UDEMY\MLOPS\TextSummarizer\textsummarizer\params.yaml' read successfully.]
[2026-04-22 11:12:09,941: INFO: common: 53: Directory 'artifacts' created successfully.]
[2026-04-22 11:14:49,651: INFO: common: 31: YAML file 'C:\Users\mecenturion\Desktop\MARTIN\UDEMY\MLOPS\TextSummarizer\textsummarizer\config\config.yaml' read successfully.]
[2026-04-22 11:14:49,657: INFO: common: 31: YAML file 'C:\Users\mecenturion\Desktop\MARTIN\UDEMY\MLOPS\TextSummarizer\textsummarizer\params.yaml' read successfully.]
[2026-04-22 11:14:49,660: INFO: common: 53: Directory 'artifacts' created successfully.]
[2026-04-22 11:15:38,638: INFO: common: 31: YAML file 'C:\Users\mecenturion\Desktop\MARTIN\UDEMY\MLOPS\TextSummarizer\textsummarizer\config\config.yaml' read successfully.]
[2026-04-22 11:15:38,644: INFO: common: 31: YAML file 'C:\Users\mecenturion\Desktop\MARTIN\UDEMY\MLOPS\TextSummarizer\textsummarizer\params.yaml' read successfully.]
[2026-04-22 11:15:38,648: INFO: common: 53: Directory 'artifacts' created successfully.]
[2026-04-22 11:18:26,476: INFO: common: 31: YAML file 'C:\Users\mecenturion\Desktop\MARTIN\UDEMY\MLOPS\TextSummarizer\textsummarizer\config\config.yaml' read successfully.]
[2026-04-22 11:18:26,482: INFO: common: 31: YAML file 'C:\Users\mecenturion\Desktop\MARTIN\UDEMY\MLOPS\TextSummarizer\textsummarizer\params.yaml' read successfully.]
[2026-04-22 11:18:26,486: INFO: common: 53: Directory 'artifacts' created successfully.]
[2026-04-22 11:19:59,397: INFO: rouge_scorer: 83: Using default tokenizer.]
[2026-04-22 11:22:20,038: INFO: rouge_scorer: 83: Using default tokenizer.]
[2026-04-22 11:23:33,925: INFO: rouge_scorer: 83: Using default tokenizer.]
[2026-04-22 11:25:21,033: INFO: rouge_scorer: 83: Using default tokenizer.]
[2026-04-22 11:27:00,848: INFO: rouge_scorer: 83: Using default tokenizer.]
[2026-04-22 11:30:12,637: INFO: common: 31: YAML file 'C:\Users\mecenturion\Desktop\MARTIN\UDEMY\MLOPS\TextSummarizer\textsummarizer\config\config.yaml' read successfully.]
[2026-04-22 11:30:12,641: INFO: common: 31: YAML file 'C:\Users\mecenturion\Desktop\MARTIN\UDEMY\MLOPS\TextSummarizer\textsummarizer\params.yaml' read successfully.]
[2026-04-22 11:30:12,644: INFO: common: 53: Directory 'artifacts' created successfully.]
[2026-04-22 11:31:59,198: INFO: rouge_scorer: 83: Using default tokenizer.]
[2026-04-22 11:34:39,017: INFO: rouge_scorer: 83: Using default tokenizer.]
[2026-04-22 11:36:01,629: INFO: rouge_scorer: 83: Using default tokenizer.]
[2026-04-22 11:38:03,179: INFO: rouge_scorer: 83: Using default tokenizer.]
[2026-04-22 11:40:31,681: INFO: rouge_scorer: 83: Using default tokenizer.]
[2026-04-22 11:50:37,122: INFO: common: 31: YAML file 'C:\Users\mecenturion\Desktop\MARTIN\UDEMY\MLOPS\TextSummarizer\textsummarizer\config\config.yaml' read successfully.]
[2026-04-22 11:50:37,127: INFO: common: 31: YAML file 'C:\Users\mecenturion\Desktop\MARTIN\UDEMY\MLOPS\TextSummarizer\textsummarizer\params.yaml' read successfully.]
[2026-04-22 11:50:37,131: INFO: common: 53: Directory 'artifacts' created successfully.]
[2026-04-22 11:50:37,134: INFO: common: 53: Directory 'artifacts/model_evaluation' created successfully.]
[2026-04-22 11:52:27,109: INFO: rouge_scorer: 83: Using default tokenizer.]
[2026-04-22 11:56:17,035: INFO: rouge_scorer: 83: Using default tokenizer.]
[2026-04-22 11:59:10,102: INFO: rouge_scorer: 83: Using default tokenizer.]
[2026-04-22 12:00:40,893: INFO: rouge_scorer: 83: Using default tokenizer.]
[2026-04-22 12:01:46,746: INFO: rouge_scorer: 83: Using default tokenizer.]
[2026-04-22 13:33:59,933: INFO: main: 45: >>>>>>> Stage Model Evaluation Stage started <<<<<<<]
[2026-04-22 13:33:59,934: INFO: stage_4_mode_evaluation: 11: Iniciando la etapa de evaluaci鏮 del modelo.]
[2026-04-22 13:33:59,937: INFO: common: 31: YAML file 'C:\Users\mecenturion\Desktop\MARTIN\UDEMY\MLOPS\TextSummarizer\textsummarizer\config\config.yaml' read successfully.]
[2026-04-22 13:33:59,939: INFO: common: 31: YAML file 'C:\Users\mecenturion\Desktop\MARTIN\UDEMY\MLOPS\TextSummarizer\textsummarizer\params.yaml' read successfully.]
[2026-04-22 13:33:59,941: INFO: common: 53: Directory 'artifacts' created successfully.]
[2026-04-22 13:33:59,942: INFO: common: 53: Directory 'artifacts/model_evaluation' created successfully.]
[2026-04-22 13:34:40,315: INFO: rouge_scorer: 83: Using default tokenizer.]
[2026-04-22 13:34:40,532: INFO: stage_4_mode_evaluation: 16: Etapa de evaluaci鏮 del modelo completada exitosamente.]
[2026-04-22 13:34:40,532: INFO: main: 48: >>>>>>> Stage Model Evaluation Stage completed <<<<<<<]
[2026-04-22 13:40:05,221: INFO: main: 45: >>>>>>> Stage Model Evaluation Stage started <<<<<<<]
[2026-04-22 13:40:05,221: INFO: stage_4_model_evaluation: 11: Iniciando la etapa de evaluaci鏮 del modelo.]
[2026-04-22 13:40:05,226: INFO: common: 31: YAML file 'C:\Users\mecenturion\Desktop\MARTIN\UDEMY\MLOPS\TextSummarizer\textsummarizer\config\config.yaml' read successfully.]
[2026-04-22 13:40:05,228: INFO: common: 31: YAML file 'C:\Users\mecenturion\Desktop\MARTIN\UDEMY\MLOPS\TextSummarizer\textsummarizer\params.yaml' read successfully.]
[2026-04-22 13:40:05,230: INFO: common: 53: Directory 'artifacts' created successfully.]
[2026-04-22 13:40:05,231: INFO: common: 53: Directory 'artifacts/model_evaluation' created successfully.]
[2026-04-22 13:40:49,367: INFO: rouge_scorer: 83: Using default tokenizer.]
[2026-04-22 13:40:49,601: INFO: stage_4_model_evaluation: 16: Etapa de evaluaci鏮 del modelo completada exitosamente.]
[2026-04-22 13:40:49,602: INFO: main: 48: >>>>>>> Stage Model Evaluation Stage completed <<<<<<<]
[2026-04-22 18:07:53,052: INFO: server: 75: Started server process [52416]]
[2026-04-22 18:07:53,053: INFO: on: 47: Waiting for application startup.]
[2026-04-22 18:07:53,054: INFO: on: 61: Application startup complete.]
[2026-04-22 18:07:53,055: INFO: server: 207: Uvicorn running on http://0.0.0.0:8000 (Press CTRL+C to quit)]
[2026-04-22 18:12:16,028: INFO: common: 31: YAML file 'C:\Users\mecenturion\Desktop\MARTIN\UDEMY\MLOPS\TextSummarizer\textsummarizer\config\config.yaml' read successfully.]
[2026-04-22 18:12:16,034: INFO: common: 31: YAML file 'C:\Users\mecenturion\Desktop\MARTIN\UDEMY\MLOPS\TextSummarizer\textsummarizer\params.yaml' read successfully.]
[2026-04-22 18:12:16,034: INFO: common: 53: Directory 'artifacts' created successfully.]
[2026-04-22 18:12:16,045: INFO: common: 53: Directory 'artifacts/model_evaluation' created successfully.]
[2026-04-22 18:14:22,507: INFO: server: 253: Shutting down]
[2026-04-22 18:14:22,615: INFO: on: 66: Waiting for application shutdown.]
[2026-04-22 18:14:22,616: INFO: on: 77: Application shutdown complete.]
[2026-04-22 18:14:22,616: INFO: server: 85: Finished server process [52416]]
[2026-04-22 18:14:33,537: INFO: server: 75: Started server process [10768]]
[2026-04-22 18:14:33,538: INFO: on: 47: Waiting for application startup.]
[2026-04-22 18:14:33,539: INFO: on: 61: Application startup complete.]
[2026-04-22 18:14:33,539: INFO: server: 207: Uvicorn running on http://0.0.0.0:8000 (Press CTRL+C to quit)]
[2026-04-22 18:15:10,669: INFO: server: 253: Shutting down]
[2026-04-22 18:15:10,776: INFO: on: 66: Waiting for application shutdown.]
[2026-04-22 18:15:10,776: INFO: on: 77: Application shutdown complete.]
[2026-04-22 18:15:10,777: INFO: server: 85: Finished server process [10768]]
[2026-04-22 18:15:21,514: INFO: server: 75: Started server process [21032]]
[2026-04-22 18:15:21,516: INFO: on: 47: Waiting for application startup.]
[2026-04-22 18:15:21,517: INFO: on: 61: Application startup complete.]
[2026-04-22 18:15:21,520: INFO: server: 207: Uvicorn running on http://0.0.0.0:8000 (Press CTRL+C to quit)]
[2026-04-22 18:15:44,043: INFO: server: 253: Shutting down]
[2026-04-22 18:15:44,156: INFO: on: 66: Waiting for application shutdown.]
[2026-04-22 18:15:44,157: INFO: on: 77: Application shutdown complete.]
[2026-04-22 18:15:44,157: INFO: server: 85: Finished server process [21032]]
[2026-04-22 18:15:54,394: INFO: server: 75: Started server process [55616]]
[2026-04-22 18:15:54,394: INFO: on: 47: Waiting for application startup.]
[2026-04-22 18:15:54,395: INFO: on: 61: Application startup complete.]
[2026-04-22 18:15:54,395: INFO: server: 207: Uvicorn running on http://0.0.0.0:8000 (Press CTRL+C to quit)]
[2026-04-22 18:16:59,382: INFO: common: 31: YAML file 'C:\Users\mecenturion\Desktop\MARTIN\UDEMY\MLOPS\TextSummarizer\textsummarizer\config\config.yaml' read successfully.]
[2026-04-22 18:16:59,385: INFO: common: 31: YAML file 'C:\Users\mecenturion\Desktop\MARTIN\UDEMY\MLOPS\TextSummarizer\textsummarizer\params.yaml' read successfully.]
[2026-04-22 18:16:59,386: INFO: common: 53: Directory 'artifacts' created successfully.]
[2026-04-22 18:16:59,387: INFO: common: 53: Directory 'artifacts/model_evaluation' created successfully.]
[2026-04-22 18:18:10,065: INFO: server: 253: Shutting down]
[2026-04-22 18:18:10,177: INFO: on: 66: Waiting for application shutdown.]
[2026-04-22 18:18:10,179: INFO: on: 77: Application shutdown complete.]
[2026-04-22 18:18:10,179: INFO: server: 85: Finished server process [55616]]
[2026-04-22 18:18:20,377: INFO: server: 75: Started server process [34748]]
[2026-04-22 18:18:20,377: INFO: on: 47: Waiting for application startup.]
[2026-04-22 18:18:20,379: INFO: on: 61: Application startup complete.]
[2026-04-22 18:18:20,379: INFO: server: 207: Uvicorn running on http://0.0.0.0:8000 (Press CTRL+C to quit)]
[2026-04-22 18:18:38,404: INFO: common: 31: YAML file 'C:\Users\mecenturion\Desktop\MARTIN\UDEMY\MLOPS\TextSummarizer\textsummarizer\config\config.yaml' read successfully.]
[2026-04-22 18:18:38,407: INFO: common: 31: YAML file 'C:\Users\mecenturion\Desktop\MARTIN\UDEMY\MLOPS\TextSummarizer\textsummarizer\params.yaml' read successfully.]
[2026-04-22 18:18:38,409: INFO: common: 53: Directory 'artifacts' created successfully.]
[2026-04-22 18:18:38,411: INFO: common: 53: Directory 'artifacts/model_evaluation' created successfully.]
[2026-04-22 18:20:14,757: INFO: server: 253: Shutting down]
[2026-04-22 18:20:14,860: INFO: on: 66: Waiting for application shutdown.]
[2026-04-22 18:20:14,860: INFO: on: 77: Application shutdown complete.]
[2026-04-22 18:20:14,860: INFO: server: 85: Finished server process [34748]]
[2026-04-22 18:20:28,449: INFO: server: 75: Started server process [21368]]
[2026-04-22 18:20:28,450: INFO: on: 47: Waiting for application startup.]
[2026-04-22 18:20:28,451: INFO: on: 61: Application startup complete.]
[2026-04-22 18:20:28,452: INFO: server: 207: Uvicorn running on http://0.0.0.0:8000 (Press CTRL+C to quit)]
[2026-04-22 18:20:43,763: INFO: common: 31: YAML file 'C:\Users\mecenturion\Desktop\MARTIN\UDEMY\MLOPS\TextSummarizer\textsummarizer\config\config.yaml' read successfully.]
[2026-04-22 18:20:43,765: INFO: common: 31: YAML file 'C:\Users\mecenturion\Desktop\MARTIN\UDEMY\MLOPS\TextSummarizer\textsummarizer\params.yaml' read successfully.]
[2026-04-22 18:20:43,765: INFO: common: 53: Directory 'artifacts' created successfully.]
[2026-04-22 18:20:43,769: INFO: common: 53: Directory 'artifacts/model_evaluation' created successfully.]
[2026-04-22 18:22:00,018: INFO: server: 253: Shutting down]
[2026-04-22 18:22:00,126: INFO: on: 66: Waiting for application shutdown.]
[2026-04-22 18:22:00,127: INFO: on: 77: Application shutdown complete.]
[2026-04-22 18:22:00,128: INFO: server: 85: Finished server process [21368]]
[2026-04-22 18:22:38,860: INFO: server: 75: Started server process [56580]]
[2026-04-22 18:22:38,860: INFO: on: 47: Waiting for application startup.]
[2026-04-22 18:22:38,860: INFO: on: 61: Application startup complete.]
[2026-04-22 18:22:38,865: INFO: server: 207: Uvicorn running on http://0.0.0.0:8000 (Press CTRL+C to quit)]
[2026-04-22 18:22:52,678: INFO: common: 31: YAML file 'C:\Users\mecenturion\Desktop\MARTIN\UDEMY\MLOPS\TextSummarizer\textsummarizer\config\config.yaml' read successfully.]
[2026-04-22 18:22:52,678: INFO: common: 31: YAML file 'C:\Users\mecenturion\Desktop\MARTIN\UDEMY\MLOPS\TextSummarizer\textsummarizer\params.yaml' read successfully.]
[2026-04-22 18:22:52,678: INFO: common: 53: Directory 'artifacts' created successfully.]
[2026-04-22 18:22:52,684: INFO: common: 53: Directory 'artifacts/model_evaluation' created successfully.]
[2026-04-22 18:25:47,539: INFO: server: 253: Shutting down]
[2026-04-22 18:25:47,644: INFO: on: 66: Waiting for application shutdown.]
[2026-04-22 18:25:47,646: INFO: on: 77: Application shutdown complete.]
[2026-04-22 18:25:47,646: INFO: server: 85: Finished server process [56580]]
[2026-04-22 18:25:58,546: INFO: server: 75: Started server process [53584]]
[2026-04-22 18:25:58,546: INFO: on: 47: Waiting for application startup.]
[2026-04-22 18:25:58,546: INFO: on: 61: Application startup complete.]
[2026-04-22 18:25:58,546: INFO: server: 207: Uvicorn running on http://0.0.0.0:8000 (Press CTRL+C to quit)]
[2026-04-22 18:26:22,595: INFO: common: 31: YAML file 'C:\Users\mecenturion\Desktop\MARTIN\UDEMY\MLOPS\TextSummarizer\textsummarizer\config\config.yaml' read successfully.]
[2026-04-22 18:26:22,599: INFO: common: 31: YAML file 'C:\Users\mecenturion\Desktop\MARTIN\UDEMY\MLOPS\TextSummarizer\textsummarizer\params.yaml' read successfully.]
[2026-04-22 18:26:22,601: INFO: common: 53: Directory 'artifacts' created successfully.]
[2026-04-22 18:26:22,602: INFO: common: 53: Directory 'artifacts/model_evaluation' created successfully.]
[2026-04-22 18:27:42,070: INFO: common: 31: YAML file 'C:\Users\mecenturion\Desktop\MARTIN\UDEMY\MLOPS\TextSummarizer\textsummarizer\config\config.yaml' read successfully.]
[2026-04-22 18:27:42,077: INFO: common: 31: YAML file 'C:\Users\mecenturion\Desktop\MARTIN\UDEMY\MLOPS\TextSummarizer\textsummarizer\params.yaml' read successfully.]
[2026-04-22 18:27:42,077: INFO: common: 53: Directory 'artifacts' created successfully.]
[2026-04-22 18:27:42,082: INFO: common: 53: Directory 'artifacts/model_evaluation' created successfully.]
